2023-01-06T12:02:28.984499+0100|INFO|Waiting for drone to connect...
2023-01-06T12:02:28.992717+0100|INFO|Connected to drone!
2023-01-06T12:02:28.993348+0100|INFO|Waiting for drone to have a global position estimate...
2023-01-06T12:02:36.146229+0100|INFO|Global position estimate OK
2023-01-06T12:02:36.182322+0100|INFO|Arming
2023-01-06T12:02:36.282783+0100|INFO|Uploading mission 0
2023-01-06T12:02:36.287780+0100|DEBUG|Mast recognition called
2023-01-06T12:02:36.288487+0100|DEBUG|Has Found Mast: False
2023-01-06T12:02:36.289042+0100|DEBUG|Taking image
2023-01-06T12:02:36.289492+0100|DEBUG|Took image
2023-01-06T12:02:36.351315+0100|DEBUG|image_contains_mast called
2023-01-06T12:02:37.264768+0100|DEBUG|image_contains_mast returned False, confidence: 0.6022146344184875
2023-01-06T12:02:37.265265+0100|DEBUG|Did mast check
2023-01-06T12:02:37.266868+0100|DEBUG|DistanceSensor: [minimum_distance_m: 1.0, maximum_distance_m: 500.0, current_distance_m: 421.0]
2023-01-06T12:02:37.267652+0100|INFO|Mission progress: 0/1
2023-01-06T12:02:37.272758+0100|DEBUG|DistanceSensor: [minimum_distance_m: 1.0, maximum_distance_m: 500.0, current_distance_m: 423.0]
2023-01-06T12:02:37.357757+0100|DEBUG|DistanceSensor: [minimum_distance_m: 1.0, maximum_distance_m: 500.0, current_distance_m: 421.0]
2023-01-06T12:02:37.623811+0100|DEBUG|DistanceSensor: [minimum_distance_m: 1.0, maximum_distance_m: 500.0, current_distance_m: 423.0]
2023-01-06T12:02:37.906705+0100|DEBUG|DistanceSensor: [minimum_distance_m: 1.0, maximum_distance_m: 500.0, current_distance_m: 421.0]
2023-01-06T12:02:38.100312+0100|DEBUG|DistanceSensor: [minimum_distance_m: 1.0, maximum_distance_m: 500.0, current_distance_m: 421.0]
2023-01-06T12:02:38.268429+0100|INFO|Starting mission
2023-01-06T12:02:38.365882+0100|DEBUG|DistanceSensor: [minimum_distance_m: 1.0, maximum_distance_m: 500.0, current_distance_m: 423.0]
2023-01-06T12:02:38.467987+0100|INFO|Now checking mast F2542G at 10.554784917159, 55.3743128282325
2023-01-06T12:02:38.648934+0100|DEBUG|DistanceSensor: [minimum_distance_m: 1.0, maximum_distance_m: 500.0, current_distance_m: 423.0]
2023-01-06T12:02:38.912052+0100|DEBUG|DistanceSensor: [minimum_distance_m: 1.0, maximum_distance_m: 500.0, current_distance_m: 423.0]
2023-01-06T12:02:39.259176+0100|INFO|Mission progress: 0/1
2023-01-06T12:02:39.403880+0100|DEBUG|DistanceSensor: [minimum_distance_m: 1.0, maximum_distance_m: 500.0, current_distance_m: 421.0]
2023-01-06T12:02:39.692395+0100|DEBUG|DistanceSensor: [minimum_distance_m: 1.0, maximum_distance_m: 500.0, current_distance_m: 421.0]
2023-01-06T12:02:40.409010+0100|DEBUG|DistanceSensor: [minimum_distance_m: 1.0, maximum_distance_m: 500.0, current_distance_m: 423.0]
2023-01-06T12:02:40.706294+0100|DEBUG|DistanceSensor: [minimum_distance_m: 1.0, maximum_distance_m: 500.0, current_distance_m: 421.0]
2023-01-06T12:02:40.874275+0100|DEBUG|DistanceSensor: [minimum_distance_m: 1.0, maximum_distance_m: 500.0, current_distance_m: 423.0]
2023-01-06T12:02:41.466480+0100|DEBUG|DistanceSensor: [minimum_distance_m: 1.0, maximum_distance_m: 500.0, current_distance_m: 423.0]
2023-01-06T12:02:41.858996+0100|DEBUG|DistanceSensor: [minimum_distance_m: 1.0, maximum_distance_m: 500.0, current_distance_m: 421.0]
2023-01-06T12:02:42.026147+0100|DEBUG|DistanceSensor: [minimum_distance_m: 1.0, maximum_distance_m: 500.0, current_distance_m: 423.0]
2023-01-06T12:02:42.268428+0100|DEBUG|Taking image
2023-01-06T12:02:42.269413+0100|DEBUG|Took image
2023-01-06T12:02:42.282643+0100|DEBUG|image_contains_mast called
2023-01-06T12:02:42.653509+0100|DEBUG|image_contains_mast returned False, confidence: 0.675703763961792
2023-01-06T12:02:42.653991+0100|DEBUG|Did mast check
2023-01-06T12:02:42.655746+0100|DEBUG|DistanceSensor: [minimum_distance_m: 1.0, maximum_distance_m: 500.0, current_distance_m: 421.0]
2023-01-06T12:02:42.656175+0100|INFO|Mission progress: 0/1
2023-01-06T12:02:43.084233+0100|DEBUG|DistanceSensor: [minimum_distance_m: 1.0, maximum_distance_m: 500.0, current_distance_m: 423.0]
2023-01-06T12:02:43.356027+0100|DEBUG|DistanceSensor: [minimum_distance_m: 1.0, maximum_distance_m: 500.0, current_distance_m: 421.0]
2023-01-06T12:02:43.822044+0100|DEBUG|DistanceSensor: [minimum_distance_m: 1.0, maximum_distance_m: 500.0, current_distance_m: 421.0]
2023-01-06T12:02:43.924049+0100|DEBUG|DistanceSensor: [minimum_distance_m: 1.0, maximum_distance_m: 500.0, current_distance_m: 421.0]
2023-01-06T12:02:44.230276+0100|DEBUG|DistanceSensor: [minimum_distance_m: 1.0, maximum_distance_m: 500.0, current_distance_m: 421.0]
2023-01-06T12:02:44.593234+0100|DEBUG|DistanceSensor: [minimum_distance_m: 1.0, maximum_distance_m: 500.0, current_distance_m: 421.0]
2023-01-06T12:02:44.863922+0100|DEBUG|DistanceSensor: [minimum_distance_m: 1.0, maximum_distance_m: 500.0, current_distance_m: 421.0]
2023-01-06T12:02:45.428459+0100|DEBUG|DistanceSensor: [minimum_distance_m: 1.0, maximum_distance_m: 500.0, current_distance_m: 421.0]
2023-01-06T12:02:45.524627+0100|DEBUG|DistanceSensor: [minimum_distance_m: 1.0, maximum_distance_m: 500.0, current_distance_m: 421.0]
2023-01-06T12:02:45.791702+0100|DEBUG|DistanceSensor: [minimum_distance_m: 1.0, maximum_distance_m: 500.0, current_distance_m: 421.0]
2023-01-06T12:02:46.253581+0100|DEBUG|DistanceSensor: [minimum_distance_m: 1.0, maximum_distance_m: 500.0, current_distance_m: 421.0]
2023-01-06T12:02:46.510293+0100|INFO|Mission progress: 0/1
2023-01-06T12:02:46.628764+0100|DEBUG|DistanceSensor: [minimum_distance_m: 1.0, maximum_distance_m: 500.0, current_distance_m: 421.0]
2023-01-06T12:02:46.709357+0100|DEBUG|DistanceSensor: [minimum_distance_m: 1.0, maximum_distance_m: 500.0, current_distance_m: 411.0]
2023-01-06T12:02:47.388998+0100|DEBUG|DistanceSensor: [minimum_distance_m: 1.0, maximum_distance_m: 500.0, current_distance_m: 413.0]
2023-01-06T12:02:47.656303+0100|DEBUG|Taking image
2023-01-06T12:02:47.656854+0100|DEBUG|Took image
2023-01-06T12:02:47.666614+0100|DEBUG|image_contains_mast called
2023-01-06T12:02:48.027844+0100|DEBUG|image_contains_mast returned False, confidence: 0.5344066023826599
2023-01-06T12:02:48.028315+0100|DEBUG|Did mast check
2023-01-06T12:02:48.029045+0100|DEBUG|DistanceSensor: [minimum_distance_m: 1.0, maximum_distance_m: 500.0, current_distance_m: 417.0]
2023-01-06T12:02:48.031039+0100|DEBUG|DistanceSensor: [minimum_distance_m: 1.0, maximum_distance_m: 500.0, current_distance_m: 419.0]
2023-01-06T12:02:48.529521+0100|DEBUG|DistanceSensor: [minimum_distance_m: 1.0, maximum_distance_m: 500.0, current_distance_m: 419.0]
2023-01-06T12:02:48.808922+0100|DEBUG|DistanceSensor: [minimum_distance_m: 1.0, maximum_distance_m: 500.0, current_distance_m: 419.0]
2023-01-06T12:02:49.478329+0100|DEBUG|DistanceSensor: [minimum_distance_m: 1.0, maximum_distance_m: 500.0, current_distance_m: 421.0]
2023-01-06T12:02:49.695145+0100|INFO|Mission progress: 0/1
2023-01-06T12:02:50.052665+0100|DEBUG|DistanceSensor: [minimum_distance_m: 1.0, maximum_distance_m: 500.0, current_distance_m: 423.0]
2023-01-06T12:02:50.416911+0100|DEBUG|DistanceSensor: [minimum_distance_m: 1.0, maximum_distance_m: 500.0, current_distance_m: 417.0]
2023-01-06T12:02:50.883903+0100|DEBUG|DistanceSensor: [minimum_distance_m: 1.0, maximum_distance_m: 500.0, current_distance_m: 421.0]
2023-01-06T12:02:51.158704+0100|DEBUG|DistanceSensor: [minimum_distance_m: 1.0, maximum_distance_m: 500.0, current_distance_m: 425.0]
2023-01-06T12:02:51.438619+0100|DEBUG|DistanceSensor: [minimum_distance_m: 1.0, maximum_distance_m: 500.0, current_distance_m: 431.0]
2023-01-06T12:02:52.196991+0100|DEBUG|DistanceSensor: [minimum_distance_m: 1.0, maximum_distance_m: 500.0, current_distance_m: 433.0]
2023-01-06T12:02:52.467367+0100|DEBUG|DistanceSensor: [minimum_distance_m: 1.0, maximum_distance_m: 500.0, current_distance_m: 441.0]
2023-01-06T12:02:52.831788+0100|DEBUG|DistanceSensor: [minimum_distance_m: 1.0, maximum_distance_m: 500.0, current_distance_m: 450.0]
2023-01-06T12:02:53.030310+0100|DEBUG|Taking image
2023-01-06T12:02:53.030809+0100|DEBUG|Took image
2023-01-06T12:02:53.039883+0100|DEBUG|image_contains_mast called
2023-01-06T12:02:53.393288+0100|DEBUG|image_contains_mast returned False, confidence: 0.5061658620834351
2023-01-06T12:02:53.394048+0100|DEBUG|Did mast check
2023-01-06T12:02:53.395252+0100|DEBUG|DistanceSensor: [minimum_distance_m: 1.0, maximum_distance_m: 500.0, current_distance_m: 458.0]
2023-01-06T12:02:53.803027+0100|DEBUG|DistanceSensor: [minimum_distance_m: 1.0, maximum_distance_m: 500.0, current_distance_m: 467.0]
2023-01-06T12:02:54.086178+0100|INFO|Mission progress: 0/1
2023-01-06T12:02:54.089173+0100|DEBUG|DistanceSensor: [minimum_distance_m: 1.0, maximum_distance_m: 500.0, current_distance_m: 477.0]
2023-01-06T12:02:54.650412+0100|DEBUG|DistanceSensor: [minimum_distance_m: 1.0, maximum_distance_m: 500.0, current_distance_m: 488.0]
2023-01-06T12:02:54.818144+0100|DEBUG|DistanceSensor: [minimum_distance_m: 1.0, maximum_distance_m: 500.0, current_distance_m: 500.0]
2023-01-06T12:02:54.904447+0100|DEBUG|DistanceSensor: [minimum_distance_m: 1.0, maximum_distance_m: 500.0, current_distance_m: 500.0]
2023-01-06T12:02:55.168346+0100|DEBUG|DistanceSensor: [minimum_distance_m: 1.0, maximum_distance_m: 500.0, current_distance_m: 500.0]
2023-01-06T12:02:55.349354+0100|DEBUG|DistanceSensor: [minimum_distance_m: 1.0, maximum_distance_m: 500.0, current_distance_m: 500.0]
2023-01-06T12:02:55.918355+0100|DEBUG|DistanceSensor: [minimum_distance_m: 1.0, maximum_distance_m: 500.0, current_distance_m: 500.0]
2023-01-06T12:02:56.176790+0100|DEBUG|DistanceSensor: [minimum_distance_m: 1.0, maximum_distance_m: 500.0, current_distance_m: 500.0]
2023-01-06T12:02:56.482017+0100|DEBUG|DistanceSensor: [minimum_distance_m: 1.0, maximum_distance_m: 500.0, current_distance_m: 500.0]
2023-01-06T12:02:56.942334+0100|DEBUG|DistanceSensor: [minimum_distance_m: 1.0, maximum_distance_m: 500.0, current_distance_m: 500.0]
2023-01-06T12:02:57.404134+0100|DEBUG|DistanceSensor: [minimum_distance_m: 1.0, maximum_distance_m: 500.0, current_distance_m: 500.0]
2023-01-06T12:02:57.574635+0100|DEBUG|DistanceSensor: [minimum_distance_m: 1.0, maximum_distance_m: 500.0, current_distance_m: 500.0]
2023-01-06T12:02:57.946493+0100|DEBUG|DistanceSensor: [minimum_distance_m: 1.0, maximum_distance_m: 500.0, current_distance_m: 500.0]
2023-01-06T12:02:58.091946+0100|INFO|Mission progress: 0/1
2023-01-06T12:02:58.115126+0100|DEBUG|DistanceSensor: [minimum_distance_m: 1.0, maximum_distance_m: 500.0, current_distance_m: 500.0]
2023-01-06T12:02:58.391204+0100|DEBUG|DistanceSensor: [minimum_distance_m: 1.0, maximum_distance_m: 500.0, current_distance_m: 500.0]
2023-01-06T12:02:58.395643+0100|DEBUG|Taking image
2023-01-06T12:02:58.396148+0100|DEBUG|Took image
2023-01-06T12:02:58.412674+0100|DEBUG|image_contains_mast called
2023-01-06T12:02:58.747303+0100|DEBUG|image_contains_mast returned False, confidence: 0.19448153674602509
2023-01-06T12:02:58.747766+0100|DEBUG|Did mast check
2023-01-06T12:02:58.782668+0100|DEBUG|DistanceSensor: [minimum_distance_m: 1.0, maximum_distance_m: 500.0, current_distance_m: 500.0]
2023-01-06T12:02:58.947178+0100|DEBUG|DistanceSensor: [minimum_distance_m: 1.0, maximum_distance_m: 500.0, current_distance_m: 500.0]
2023-01-06T12:02:59.434442+0100|DEBUG|DistanceSensor: [minimum_distance_m: 1.0, maximum_distance_m: 500.0, current_distance_m: 500.0]
2023-01-06T12:02:59.710928+0100|DEBUG|DistanceSensor: [minimum_distance_m: 1.0, maximum_distance_m: 500.0, current_distance_m: 500.0]
2023-01-06T12:02:59.883485+0100|DEBUG|DistanceSensor: [minimum_distance_m: 1.0, maximum_distance_m: 500.0, current_distance_m: 500.0]
2023-01-06T12:03:00.378334+0100|DEBUG|DistanceSensor: [minimum_distance_m: 1.0, maximum_distance_m: 500.0, current_distance_m: 500.0]
2023-01-06T12:03:00.862409+0100|DEBUG|DistanceSensor: [minimum_distance_m: 1.0, maximum_distance_m: 500.0, current_distance_m: 500.0]
2023-01-06T12:03:01.258818+0100|DEBUG|DistanceSensor: [minimum_distance_m: 1.0, maximum_distance_m: 500.0, current_distance_m: 500.0]
2023-01-06T12:03:01.267816+0100|INFO|Mission progress: 0/1
2023-01-06T12:03:01.655971+0100|DEBUG|DistanceSensor: [minimum_distance_m: 1.0, maximum_distance_m: 500.0, current_distance_m: 500.0]
2023-01-06T12:03:02.156266+0100|DEBUG|DistanceSensor: [minimum_distance_m: 1.0, maximum_distance_m: 500.0, current_distance_m: 500.0]
2023-01-06T12:03:02.435603+0100|DEBUG|DistanceSensor: [minimum_distance_m: 1.0, maximum_distance_m: 500.0, current_distance_m: 500.0]
2023-01-06T12:03:02.640076+0100|DEBUG|DistanceSensor: [minimum_distance_m: 1.0, maximum_distance_m: 500.0, current_distance_m: 500.0]
2023-01-06T12:03:03.046889+0100|DEBUG|DistanceSensor: [minimum_distance_m: 1.0, maximum_distance_m: 500.0, current_distance_m: 500.0]
2023-01-06T12:03:03.433553+0100|DEBUG|DistanceSensor: [minimum_distance_m: 1.0, maximum_distance_m: 500.0, current_distance_m: 500.0]
2023-01-06T12:03:03.499552+0100|DEBUG|DistanceSensor: [minimum_distance_m: 1.0, maximum_distance_m: 500.0, current_distance_m: 500.0]
2023-01-06T12:03:03.750030+0100|DEBUG|Taking image
2023-01-06T12:03:03.750538+0100|DEBUG|Took image
2023-01-06T12:03:03.760544+0100|DEBUG|image_contains_mast called
2023-01-06T12:03:04.121791+0100|DEBUG|image_contains_mast returned False, confidence: 0.5055046677589417
2023-01-06T12:03:04.122745+0100|DEBUG|Did mast check
2023-01-06T12:03:04.123827+0100|DEBUG|DistanceSensor: [minimum_distance_m: 1.0, maximum_distance_m: 500.0, current_distance_m: 500.0]
2023-01-06T12:03:04.125977+0100|DEBUG|DistanceSensor: [minimum_distance_m: 1.0, maximum_distance_m: 500.0, current_distance_m: 500.0]
2023-01-06T12:03:04.160015+0100|DEBUG|DistanceSensor: [minimum_distance_m: 1.0, maximum_distance_m: 500.0, current_distance_m: 500.0]
2023-01-06T12:03:04.732172+0100|DEBUG|DistanceSensor: [minimum_distance_m: 1.0, maximum_distance_m: 500.0, current_distance_m: 500.0]
2023-01-06T12:03:05.098309+0100|DEBUG|DistanceSensor: [minimum_distance_m: 1.0, maximum_distance_m: 500.0, current_distance_m: 500.0]
2023-01-06T12:03:05.264315+0100|DEBUG|DistanceSensor: [minimum_distance_m: 1.0, maximum_distance_m: 500.0, current_distance_m: 500.0]
2023-01-06T12:03:05.560423+0100|DEBUG|DistanceSensor: [minimum_distance_m: 1.0, maximum_distance_m: 500.0, current_distance_m: 500.0]
2023-01-06T12:03:05.743486+0100|DEBUG|DistanceSensor: [minimum_distance_m: 1.0, maximum_distance_m: 500.0, current_distance_m: 500.0]
2023-01-06T12:03:06.329975+0100|DEBUG|DistanceSensor: [minimum_distance_m: 1.0, maximum_distance_m: 500.0, current_distance_m: 500.0]
2023-01-06T12:03:07.092356+0100|DEBUG|DistanceSensor: [minimum_distance_m: 1.0, maximum_distance_m: 500.0, current_distance_m: 500.0]
2023-01-06T12:03:07.197099+0100|INFO|Mission progress: 0/1
2023-01-06T12:03:07.453295+0100|DEBUG|DistanceSensor: [minimum_distance_m: 1.0, maximum_distance_m: 500.0, current_distance_m: 500.0]
2023-01-06T12:03:07.831456+0100|DEBUG|DistanceSensor: [minimum_distance_m: 1.0, maximum_distance_m: 500.0, current_distance_m: 500.0]
2023-01-06T12:03:07.992707+0100|DEBUG|DistanceSensor: [minimum_distance_m: 1.0, maximum_distance_m: 500.0, current_distance_m: 500.0]
2023-01-06T12:03:08.262975+0100|DEBUG|DistanceSensor: [minimum_distance_m: 1.0, maximum_distance_m: 500.0, current_distance_m: 500.0]
2023-01-06T12:03:08.720715+0100|DEBUG|DistanceSensor: [minimum_distance_m: 1.0, maximum_distance_m: 500.0, current_distance_m: 500.0]
2023-01-06T12:03:09.124419+0100|DEBUG|Taking image
2023-01-06T12:03:09.124880+0100|DEBUG|Took image
2023-01-06T12:03:09.135615+0100|DEBUG|image_contains_mast called
2023-01-06T12:03:09.492823+0100|DEBUG|image_contains_mast returned False, confidence: 0.4654734134674072
2023-01-06T12:03:09.493891+0100|DEBUG|Did mast check
2023-01-06T12:03:09.591805+0100|DEBUG|DistanceSensor: [minimum_distance_m: 1.0, maximum_distance_m: 500.0, current_distance_m: 500.0]
2023-01-06T12:03:09.860754+0100|DEBUG|DistanceSensor: [minimum_distance_m: 1.0, maximum_distance_m: 500.0, current_distance_m: 500.0]
2023-01-06T12:03:10.033216+0100|DEBUG|DistanceSensor: [minimum_distance_m: 1.0, maximum_distance_m: 500.0, current_distance_m: 500.0]
2023-01-06T12:03:10.296725+0100|DEBUG|DistanceSensor: [minimum_distance_m: 1.0, maximum_distance_m: 500.0, current_distance_m: 500.0]
2023-01-06T12:03:10.759994+0100|DEBUG|DistanceSensor: [minimum_distance_m: 1.0, maximum_distance_m: 500.0, current_distance_m: 500.0]
2023-01-06T12:03:10.940673+0100|DEBUG|DistanceSensor: [minimum_distance_m: 1.0, maximum_distance_m: 500.0, current_distance_m: 500.0]
2023-01-06T12:03:11.304572+0100|INFO|Mission progress: 0/1
2023-01-06T12:03:11.414749+0100|DEBUG|DistanceSensor: [minimum_distance_m: 1.0, maximum_distance_m: 500.0, current_distance_m: 500.0]
2023-01-06T12:03:11.585408+0100|DEBUG|DistanceSensor: [minimum_distance_m: 1.0, maximum_distance_m: 500.0, current_distance_m: 500.0]
2023-01-06T12:03:11.854070+0100|DEBUG|DistanceSensor: [minimum_distance_m: 1.0, maximum_distance_m: 500.0, current_distance_m: 500.0]
2023-01-06T12:03:12.026143+0100|DEBUG|DistanceSensor: [minimum_distance_m: 1.0, maximum_distance_m: 500.0, current_distance_m: 500.0]
2023-01-06T12:03:12.300879+0100|DEBUG|DistanceSensor: [minimum_distance_m: 1.0, maximum_distance_m: 500.0, current_distance_m: 500.0]
2023-01-06T12:03:12.867489+0100|DEBUG|DistanceSensor: [minimum_distance_m: 1.0, maximum_distance_m: 500.0, current_distance_m: 500.0]
2023-01-06T12:03:13.137516+0100|DEBUG|DistanceSensor: [minimum_distance_m: 1.0, maximum_distance_m: 500.0, current_distance_m: 500.0]
2023-01-06T12:03:13.410124+0100|DEBUG|DistanceSensor: [minimum_distance_m: 1.0, maximum_distance_m: 500.0, current_distance_m: 500.0]
2023-01-06T12:03:14.087532+0100|DEBUG|DistanceSensor: [minimum_distance_m: 1.0, maximum_distance_m: 500.0, current_distance_m: 500.0]
2023-01-06T12:03:14.487578+0100|DEBUG|DistanceSensor: [minimum_distance_m: 1.0, maximum_distance_m: 500.0, current_distance_m: 500.0]
2023-01-06T12:03:14.496698+0100|DEBUG|Taking image
2023-01-06T12:03:14.497656+0100|DEBUG|Took image
2023-01-06T12:03:14.512262+0100|DEBUG|image_contains_mast called
2023-01-06T12:03:14.919269+0100|DEBUG|image_contains_mast returned False, confidence: 0.2786625921726227
2023-01-06T12:03:14.919804+0100|DEBUG|Did mast check
2023-01-06T12:03:14.921075+0100|DEBUG|DistanceSensor: [minimum_distance_m: 1.0, maximum_distance_m: 500.0, current_distance_m: 500.0]
2023-01-06T12:03:14.921802+0100|INFO|Mission progress: 0/1
2023-01-06T12:03:15.006122+0100|DEBUG|DistanceSensor: [minimum_distance_m: 1.0, maximum_distance_m: 500.0, current_distance_m: 500.0]
2023-01-06T12:03:15.389672+0100|DEBUG|DistanceSensor: [minimum_distance_m: 1.0, maximum_distance_m: 500.0, current_distance_m: 500.0]
2023-01-06T12:03:15.500668+0100|DEBUG|DistanceSensor: [minimum_distance_m: 1.0, maximum_distance_m: 500.0, current_distance_m: 500.0]
2023-01-06T12:03:15.600821+0100|DEBUG|DistanceSensor: [minimum_distance_m: 1.0, maximum_distance_m: 500.0, current_distance_m: 500.0]
2023-01-06T12:03:15.805293+0100|DEBUG|DistanceSensor: [minimum_distance_m: 1.0, maximum_distance_m: 500.0, current_distance_m: 500.0]
2023-01-06T12:03:16.168919+0100|DEBUG|DistanceSensor: [minimum_distance_m: 1.0, maximum_distance_m: 500.0, current_distance_m: 500.0]
2023-01-06T12:03:16.546049+0100|DEBUG|DistanceSensor: [minimum_distance_m: 1.0, maximum_distance_m: 500.0, current_distance_m: 500.0]
2023-01-06T12:03:16.748145+0100|DEBUG|DistanceSensor: [minimum_distance_m: 1.0, maximum_distance_m: 500.0, current_distance_m: 500.0]
2023-01-06T12:03:16.831937+0100|DEBUG|DistanceSensor: [minimum_distance_m: 1.0, maximum_distance_m: 500.0, current_distance_m: 500.0]
2023-01-06T12:03:17.136798+0100|DEBUG|DistanceSensor: [minimum_distance_m: 1.0, maximum_distance_m: 500.0, current_distance_m: 500.0]
2023-01-06T12:03:17.697104+0100|DEBUG|DistanceSensor: [minimum_distance_m: 1.0, maximum_distance_m: 500.0, current_distance_m: 500.0]
2023-01-06T12:03:18.171356+0100|DEBUG|DistanceSensor: [minimum_distance_m: 1.0, maximum_distance_m: 500.0, current_distance_m: 500.0]
2023-01-06T12:03:18.343678+0100|DEBUG|DistanceSensor: [minimum_distance_m: 1.0, maximum_distance_m: 500.0, current_distance_m: 500.0]
2023-01-06T12:03:18.920809+0100|DEBUG|DistanceSensor: [minimum_distance_m: 1.0, maximum_distance_m: 500.0, current_distance_m: 500.0]
2023-01-06T12:03:19.506270+0100|DEBUG|DistanceSensor: [minimum_distance_m: 1.0, maximum_distance_m: 500.0, current_distance_m: 500.0]
2023-01-06T12:03:19.599702+0100|DEBUG|DistanceSensor: [minimum_distance_m: 1.0, maximum_distance_m: 500.0, current_distance_m: 500.0]
2023-01-06T12:03:19.690131+0100|DEBUG|DistanceSensor: [minimum_distance_m: 1.0, maximum_distance_m: 500.0, current_distance_m: 500.0]
2023-01-06T12:03:19.865048+0100|DEBUG|DistanceSensor: [minimum_distance_m: 1.0, maximum_distance_m: 500.0, current_distance_m: 500.0]
2023-01-06T12:03:19.921902+0100|DEBUG|Taking image
2023-01-06T12:03:19.922392+0100|DEBUG|Took image
2023-01-06T12:03:19.932836+0100|DEBUG|image_contains_mast called
2023-01-06T12:03:20.320354+0100|DEBUG|image_contains_mast returned False, confidence: 0.34014973044395447
2023-01-06T12:03:20.320800+0100|DEBUG|Did mast check
2023-01-06T12:03:20.321681+0100|DEBUG|DistanceSensor: [minimum_distance_m: 1.0, maximum_distance_m: 500.0, current_distance_m: 500.0]
2023-01-06T12:03:21.217696+0100|DEBUG|DistanceSensor: [minimum_distance_m: 1.0, maximum_distance_m: 500.0, current_distance_m: 500.0]
2023-01-06T12:03:21.458723+0100|INFO|Mission progress: 0/1
2023-01-06T12:03:21.791755+0100|DEBUG|DistanceSensor: [minimum_distance_m: 1.0, maximum_distance_m: 500.0, current_distance_m: 500.0]
2023-01-06T12:03:22.156803+0100|DEBUG|DistanceSensor: [minimum_distance_m: 1.0, maximum_distance_m: 500.0, current_distance_m: 500.0]
2023-01-06T12:03:22.422594+0100|DEBUG|DistanceSensor: [minimum_distance_m: 1.0, maximum_distance_m: 500.0, current_distance_m: 500.0]
2023-01-06T12:03:22.781647+0100|DEBUG|DistanceSensor: [minimum_distance_m: 1.0, maximum_distance_m: 500.0, current_distance_m: 500.0]
2023-01-06T12:03:23.147230+0100|DEBUG|DistanceSensor: [minimum_distance_m: 1.0, maximum_distance_m: 500.0, current_distance_m: 500.0]
2023-01-06T12:03:23.527952+0100|DEBUG|DistanceSensor: [minimum_distance_m: 1.0, maximum_distance_m: 500.0, current_distance_m: 500.0]
2023-01-06T12:03:23.799324+0100|DEBUG|DistanceSensor: [minimum_distance_m: 1.0, maximum_distance_m: 500.0, current_distance_m: 500.0]
2023-01-06T12:03:23.873075+0100|DEBUG|DistanceSensor: [minimum_distance_m: 1.0, maximum_distance_m: 500.0, current_distance_m: 500.0]
2023-01-06T12:03:24.642884+0100|DEBUG|DistanceSensor: [minimum_distance_m: 1.0, maximum_distance_m: 500.0, current_distance_m: 500.0]
2023-01-06T12:03:24.824339+0100|DEBUG|DistanceSensor: [minimum_distance_m: 1.0, maximum_distance_m: 500.0, current_distance_m: 500.0]
2023-01-06T12:03:24.839400+0100|INFO|Mission progress: 0/1
2023-01-06T12:03:24.895302+0100|DEBUG|DistanceSensor: [minimum_distance_m: 1.0, maximum_distance_m: 500.0, current_distance_m: 500.0]
2023-01-06T12:03:25.077624+0100|DEBUG|DistanceSensor: [minimum_distance_m: 1.0, maximum_distance_m: 500.0, current_distance_m: 500.0]
2023-01-06T12:03:25.233480+0100|DEBUG|DistanceSensor: [minimum_distance_m: 1.0, maximum_distance_m: 500.0, current_distance_m: 500.0]
2023-01-06T12:03:25.314410+0100|DEBUG|DistanceSensor: [minimum_distance_m: 1.0, maximum_distance_m: 500.0, current_distance_m: 500.0]
2023-01-06T12:03:25.322692+0100|DEBUG|Taking image
2023-01-06T12:03:25.323228+0100|DEBUG|Took image
2023-01-06T12:03:25.334001+0100|DEBUG|image_contains_mast called
2023-01-06T12:03:25.673750+0100|DEBUG|image_contains_mast returned False, confidence: 0.3281875550746918
2023-01-06T12:03:25.674342+0100|DEBUG|Did mast check
2023-01-06T12:03:25.805122+0100|DEBUG|DistanceSensor: [minimum_distance_m: 1.0, maximum_distance_m: 500.0, current_distance_m: 500.0]
2023-01-06T12:03:26.278982+0100|DEBUG|DistanceSensor: [minimum_distance_m: 1.0, maximum_distance_m: 500.0, current_distance_m: 500.0]
2023-01-06T12:03:26.851057+0100|DEBUG|DistanceSensor: [minimum_distance_m: 1.0, maximum_distance_m: 500.0, current_distance_m: 500.0]
2023-01-06T12:03:27.419057+0100|DEBUG|DistanceSensor: [minimum_distance_m: 1.0, maximum_distance_m: 500.0, current_distance_m: 500.0]
2023-01-06T12:03:27.597261+0100|DEBUG|DistanceSensor: [minimum_distance_m: 1.0, maximum_distance_m: 500.0, current_distance_m: 500.0]
2023-01-06T12:03:28.081248+0100|DEBUG|DistanceSensor: [minimum_distance_m: 1.0, maximum_distance_m: 500.0, current_distance_m: 500.0]
2023-01-06T12:03:28.333815+0100|INFO|Mission progress: 0/1
2023-01-06T12:03:28.448117+0100|DEBUG|DistanceSensor: [minimum_distance_m: 1.0, maximum_distance_m: 500.0, current_distance_m: 500.0]
2023-01-06T12:03:28.715620+0100|DEBUG|DistanceSensor: [minimum_distance_m: 1.0, maximum_distance_m: 500.0, current_distance_m: 500.0]
2023-01-06T12:03:28.984442+0100|DEBUG|DistanceSensor: [minimum_distance_m: 1.0, maximum_distance_m: 500.0, current_distance_m: 500.0]
2023-01-06T12:03:29.262653+0100|DEBUG|DistanceSensor: [minimum_distance_m: 1.0, maximum_distance_m: 500.0, current_distance_m: 500.0]
2023-01-06T12:03:29.643904+0100|DEBUG|DistanceSensor: [minimum_distance_m: 1.0, maximum_distance_m: 500.0, current_distance_m: 500.0]
2023-01-06T12:03:30.303901+0100|DEBUG|DistanceSensor: [minimum_distance_m: 1.0, maximum_distance_m: 500.0, current_distance_m: 500.0]
2023-01-06T12:03:30.672861+0100|DEBUG|DistanceSensor: [minimum_distance_m: 1.0, maximum_distance_m: 500.0, current_distance_m: 500.0]
2023-01-06T12:03:30.675951+0100|DEBUG|Taking image
2023-01-06T12:03:30.676423+0100|DEBUG|Took image
2023-01-06T12:03:30.687784+0100|DEBUG|image_contains_mast called
2023-01-06T12:03:31.004807+0100|DEBUG|image_contains_mast returned False, confidence: 0.5310661792755127
2023-01-06T12:03:31.005328+0100|DEBUG|Did mast check
2023-01-06T12:03:31.252230+0100|DEBUG|DistanceSensor: [minimum_distance_m: 1.0, maximum_distance_m: 500.0, current_distance_m: 500.0]
2023-01-06T12:03:31.520498+0100|DEBUG|DistanceSensor: [minimum_distance_m: 1.0, maximum_distance_m: 500.0, current_distance_m: 500.0]
2023-01-06T12:03:31.640001+0100|INFO|Mission progress: 0/1
2023-01-06T12:03:31.919993+0100|DEBUG|DistanceSensor: [minimum_distance_m: 1.0, maximum_distance_m: 500.0, current_distance_m: 500.0]
2023-01-06T12:03:32.300316+0100|DEBUG|DistanceSensor: [minimum_distance_m: 1.0, maximum_distance_m: 500.0, current_distance_m: 500.0]
2023-01-06T12:03:32.876113+0100|DEBUG|DistanceSensor: [minimum_distance_m: 1.0, maximum_distance_m: 500.0, current_distance_m: 500.0]
2023-01-06T12:03:33.350274+0100|DEBUG|DistanceSensor: [minimum_distance_m: 1.0, maximum_distance_m: 500.0, current_distance_m: 500.0]
2023-01-06T12:03:33.529848+0100|DEBUG|DistanceSensor: [minimum_distance_m: 1.0, maximum_distance_m: 500.0, current_distance_m: 500.0]
2023-01-06T12:03:33.606866+0100|DEBUG|DistanceSensor: [minimum_distance_m: 1.0, maximum_distance_m: 500.0, current_distance_m: 500.0]
2023-01-06T12:03:34.375791+0100|DEBUG|DistanceSensor: [minimum_distance_m: 1.0, maximum_distance_m: 500.0, current_distance_m: 500.0]
2023-01-06T12:03:34.849185+0100|DEBUG|DistanceSensor: [minimum_distance_m: 1.0, maximum_distance_m: 500.0, current_distance_m: 500.0]
2023-01-06T12:03:35.302760+0100|INFO|Mission progress: 0/1
2023-01-06T12:03:35.310778+0100|DEBUG|DistanceSensor: [minimum_distance_m: 1.0, maximum_distance_m: 500.0, current_distance_m: 500.0]
2023-01-06T12:03:35.584420+0100|DEBUG|DistanceSensor: [minimum_distance_m: 1.0, maximum_distance_m: 500.0, current_distance_m: 500.0]
2023-01-06T12:03:35.952704+0100|DEBUG|DistanceSensor: [minimum_distance_m: 1.0, maximum_distance_m: 500.0, current_distance_m: 500.0]
2023-01-06T12:03:36.007024+0100|DEBUG|Taking image
2023-01-06T12:03:36.007856+0100|DEBUG|Took image
2023-01-06T12:03:36.015222+0100|DEBUG|image_contains_mast called
2023-01-06T12:03:36.370964+0100|DEBUG|image_contains_mast returned False, confidence: 0.4606892168521881
2023-01-06T12:03:36.371443+0100|DEBUG|Did mast check
2023-01-06T12:03:36.372049+0100|DEBUG|DistanceSensor: [minimum_distance_m: 1.0, maximum_distance_m: 500.0, current_distance_m: 500.0]
2023-01-06T12:03:36.516559+0100|DEBUG|DistanceSensor: [minimum_distance_m: 1.0, maximum_distance_m: 500.0, current_distance_m: 500.0]
2023-01-06T12:03:36.976576+0100|DEBUG|DistanceSensor: [minimum_distance_m: 1.0, maximum_distance_m: 500.0, current_distance_m: 500.0]
2023-01-06T12:03:37.159525+0100|DEBUG|DistanceSensor: [minimum_distance_m: 1.0, maximum_distance_m: 500.0, current_distance_m: 500.0]
2023-01-06T12:03:37.540955+0100|DEBUG|DistanceSensor: [minimum_distance_m: 1.0, maximum_distance_m: 500.0, current_distance_m: 500.0]
2023-01-06T12:03:37.806581+0100|DEBUG|DistanceSensor: [minimum_distance_m: 1.0, maximum_distance_m: 500.0, current_distance_m: 500.0]
2023-01-06T12:03:38.084749+0100|DEBUG|DistanceSensor: [minimum_distance_m: 1.0, maximum_distance_m: 500.0, current_distance_m: 500.0]
2023-01-06T12:03:38.172430+0100|DEBUG|DistanceSensor: [minimum_distance_m: 1.0, maximum_distance_m: 500.0, current_distance_m: 500.0]
2023-01-06T12:03:38.356914+0100|DEBUG|DistanceSensor: [minimum_distance_m: 1.0, maximum_distance_m: 500.0, current_distance_m: 500.0]
2023-01-06T12:03:38.739554+0100|DEBUG|DistanceSensor: [minimum_distance_m: 1.0, maximum_distance_m: 500.0, current_distance_m: 500.0]
2023-01-06T12:03:38.912455+0100|DEBUG|DistanceSensor: [minimum_distance_m: 1.0, maximum_distance_m: 500.0, current_distance_m: 500.0]
2023-01-06T12:03:39.205738+0100|DEBUG|DistanceSensor: [minimum_distance_m: 1.0, maximum_distance_m: 500.0, current_distance_m: 500.0]
2023-01-06T12:03:39.784941+0100|DEBUG|DistanceSensor: [minimum_distance_m: 1.0, maximum_distance_m: 500.0, current_distance_m: 500.0]
2023-01-06T12:03:39.974021+0100|DEBUG|DistanceSensor: [minimum_distance_m: 1.0, maximum_distance_m: 500.0, current_distance_m: 500.0]
2023-01-06T12:03:40.143713+0100|DEBUG|DistanceSensor: [minimum_distance_m: 1.0, maximum_distance_m: 500.0, current_distance_m: 500.0]
2023-01-06T12:03:40.918460+0100|DEBUG|DistanceSensor: [minimum_distance_m: 1.0, maximum_distance_m: 500.0, current_distance_m: 500.0]
2023-01-06T12:03:41.372957+0100|DEBUG|Taking image
2023-01-06T12:03:41.373406+0100|DEBUG|Took image
2023-01-06T12:03:41.383788+0100|DEBUG|image_contains_mast called
2023-01-06T12:03:41.760604+0100|DEBUG|image_contains_mast returned False, confidence: 0.2469610869884491
2023-01-06T12:03:41.761158+0100|DEBUG|Did mast check
2023-01-06T12:03:41.763660+0100|DEBUG|DistanceSensor: [minimum_distance_m: 1.0, maximum_distance_m: 500.0, current_distance_m: 500.0]
2023-01-06T12:03:41.768114+0100|DEBUG|DistanceSensor: [minimum_distance_m: 1.0, maximum_distance_m: 500.0, current_distance_m: 500.0]
2023-01-06T12:03:42.011240+0100|DEBUG|DistanceSensor: [minimum_distance_m: 1.0, maximum_distance_m: 500.0, current_distance_m: 500.0]
2023-01-06T12:03:42.046664+0100|INFO|Mission progress: 0/1
2023-01-06T12:03:42.597683+0100|DEBUG|DistanceSensor: [minimum_distance_m: 1.0, maximum_distance_m: 500.0, current_distance_m: 500.0]
2023-01-06T12:03:42.868858+0100|DEBUG|DistanceSensor: [minimum_distance_m: 1.0, maximum_distance_m: 500.0, current_distance_m: 500.0]
2023-01-06T12:03:43.230066+0100|DEBUG|DistanceSensor: [minimum_distance_m: 1.0, maximum_distance_m: 500.0, current_distance_m: 500.0]
2023-01-06T12:03:43.500326+0100|DEBUG|DistanceSensor: [minimum_distance_m: 1.0, maximum_distance_m: 500.0, current_distance_m: 500.0]
2023-01-06T12:03:43.699735+0100|DEBUG|DistanceSensor: [minimum_distance_m: 1.0, maximum_distance_m: 500.0, current_distance_m: 500.0]
2023-01-06T12:03:44.175190+0100|DEBUG|DistanceSensor: [minimum_distance_m: 1.0, maximum_distance_m: 500.0, current_distance_m: 500.0]
2023-01-06T12:03:44.441857+0100|DEBUG|DistanceSensor: [minimum_distance_m: 1.0, maximum_distance_m: 500.0, current_distance_m: 500.0]
2023-01-06T12:03:45.107841+0100|DEBUG|DistanceSensor: [minimum_distance_m: 1.0, maximum_distance_m: 500.0, current_distance_m: 500.0]
2023-01-06T12:03:45.780308+0100|DEBUG|DistanceSensor: [minimum_distance_m: 1.0, maximum_distance_m: 500.0, current_distance_m: 500.0]
2023-01-06T12:03:45.852593+0100|DEBUG|DistanceSensor: [minimum_distance_m: 1.0, maximum_distance_m: 500.0, current_distance_m: 500.0]
2023-01-06T12:03:46.217708+0100|DEBUG|DistanceSensor: [minimum_distance_m: 1.0, maximum_distance_m: 500.0, current_distance_m: 500.0]
2023-01-06T12:03:46.227039+0100|INFO|Mission progress: 0/1
2023-01-06T12:03:46.683422+0100|DEBUG|DistanceSensor: [minimum_distance_m: 1.0, maximum_distance_m: 500.0, current_distance_m: 500.0]
2023-01-06T12:03:46.763898+0100|DEBUG|Taking image
2023-01-06T12:03:46.764379+0100|DEBUG|Took image
2023-01-06T12:03:46.774699+0100|DEBUG|image_contains_mast called
2023-01-06T12:03:47.106228+0100|DEBUG|image_contains_mast returned False, confidence: 0.2390371710062027
2023-01-06T12:03:47.106763+0100|DEBUG|Did mast check
2023-01-06T12:03:47.108342+0100|DEBUG|DistanceSensor: [minimum_distance_m: 1.0, maximum_distance_m: 500.0, current_distance_m: 500.0]
2023-01-06T12:03:47.332600+0100|DEBUG|DistanceSensor: [minimum_distance_m: 1.0, maximum_distance_m: 500.0, current_distance_m: 500.0]
2023-01-06T12:03:47.608921+0100|DEBUG|DistanceSensor: [minimum_distance_m: 1.0, maximum_distance_m: 500.0, current_distance_m: 500.0]
2023-01-06T12:03:47.772314+0100|DEBUG|DistanceSensor: [minimum_distance_m: 1.0, maximum_distance_m: 500.0, current_distance_m: 500.0]
2023-01-06T12:03:48.133831+0100|DEBUG|DistanceSensor: [minimum_distance_m: 1.0, maximum_distance_m: 500.0, current_distance_m: 500.0]
2023-01-06T12:03:48.700558+0100|DEBUG|DistanceSensor: [minimum_distance_m: 1.0, maximum_distance_m: 500.0, current_distance_m: 500.0]
2023-01-06T12:03:48.976395+0100|DEBUG|DistanceSensor: [minimum_distance_m: 1.0, maximum_distance_m: 500.0, current_distance_m: 500.0]
2023-01-06T12:03:49.657040+0100|DEBUG|DistanceSensor: [minimum_distance_m: 1.0, maximum_distance_m: 500.0, current_distance_m: 500.0]
2023-01-06T12:03:50.210735+0100|INFO|Mission progress: 0/1
2023-01-06T12:03:50.218799+0100|DEBUG|DistanceSensor: [minimum_distance_m: 1.0, maximum_distance_m: 500.0, current_distance_m: 500.0]
2023-01-06T12:03:50.503728+0100|DEBUG|DistanceSensor: [minimum_distance_m: 1.0, maximum_distance_m: 500.0, current_distance_m: 500.0]
2023-01-06T12:03:50.883817+0100|DEBUG|DistanceSensor: [minimum_distance_m: 1.0, maximum_distance_m: 500.0, current_distance_m: 500.0]
2023-01-06T12:03:51.257370+0100|DEBUG|DistanceSensor: [minimum_distance_m: 1.0, maximum_distance_m: 500.0, current_distance_m: 500.0]
2023-01-06T12:03:51.528215+0100|DEBUG|DistanceSensor: [minimum_distance_m: 1.0, maximum_distance_m: 500.0, current_distance_m: 500.0]
2023-01-06T12:03:52.101970+0100|DEBUG|DistanceSensor: [minimum_distance_m: 1.0, maximum_distance_m: 500.0, current_distance_m: 500.0]
2023-01-06T12:03:52.109352+0100|DEBUG|Taking image
2023-01-06T12:03:52.110194+0100|DEBUG|Took image
2023-01-06T12:03:52.122690+0100|DEBUG|image_contains_mast called
2023-01-06T12:03:52.475141+0100|DEBUG|image_contains_mast returned False, confidence: 0.5268900990486145
2023-01-06T12:03:52.475604+0100|DEBUG|Did mast check
2023-01-06T12:03:52.476200+0100|DEBUG|DistanceSensor: [minimum_distance_m: 1.0, maximum_distance_m: 500.0, current_distance_m: 500.0]
2023-01-06T12:03:52.489393+0100|DEBUG|DistanceSensor: [minimum_distance_m: 1.0, maximum_distance_m: 500.0, current_distance_m: 500.0]
2023-01-06T12:03:52.767720+0100|DEBUG|DistanceSensor: [minimum_distance_m: 1.0, maximum_distance_m: 500.0, current_distance_m: 500.0]
2023-01-06T12:03:53.148415+0100|DEBUG|DistanceSensor: [minimum_distance_m: 1.0, maximum_distance_m: 500.0, current_distance_m: 500.0]
2023-01-06T12:03:53.416779+0100|DEBUG|DistanceSensor: [minimum_distance_m: 1.0, maximum_distance_m: 500.0, current_distance_m: 500.0]
2023-01-06T12:03:53.565392+0100|INFO|Mission progress: 0/1
2023-01-06T12:03:53.697659+0100|DEBUG|DistanceSensor: [minimum_distance_m: 1.0, maximum_distance_m: 500.0, current_distance_m: 500.0]
2023-01-06T12:03:54.162731+0100|DEBUG|DistanceSensor: [minimum_distance_m: 1.0, maximum_distance_m: 500.0, current_distance_m: 500.0]
2023-01-06T12:03:54.618978+0100|DEBUG|DistanceSensor: [minimum_distance_m: 1.0, maximum_distance_m: 500.0, current_distance_m: 500.0]
2023-01-06T12:03:54.791164+0100|DEBUG|DistanceSensor: [minimum_distance_m: 1.0, maximum_distance_m: 500.0, current_distance_m: 500.0]
2023-01-06T12:03:55.254068+0100|DEBUG|DistanceSensor: [minimum_distance_m: 1.0, maximum_distance_m: 500.0, current_distance_m: 500.0]
2023-01-06T12:03:55.725041+0100|DEBUG|DistanceSensor: [minimum_distance_m: 1.0, maximum_distance_m: 500.0, current_distance_m: 500.0]
2023-01-06T12:03:55.823177+0100|DEBUG|DistanceSensor: [minimum_distance_m: 1.0, maximum_distance_m: 500.0, current_distance_m: 500.0]
2023-01-06T12:03:56.189536+0100|DEBUG|DistanceSensor: [minimum_distance_m: 1.0, maximum_distance_m: 500.0, current_distance_m: 500.0]
2023-01-06T12:03:56.579317+0100|DEBUG|DistanceSensor: [minimum_distance_m: 1.0, maximum_distance_m: 500.0, current_distance_m: 500.0]
2023-01-06T12:03:56.944887+0100|DEBUG|DistanceSensor: [minimum_distance_m: 1.0, maximum_distance_m: 500.0, current_distance_m: 500.0]
2023-01-06T12:03:56.953405+0100|INFO|Mission progress: 0/1
2023-01-06T12:03:57.132062+0100|DEBUG|DistanceSensor: [minimum_distance_m: 1.0, maximum_distance_m: 500.0, current_distance_m: 500.0]
2023-01-06T12:03:57.322451+0100|DEBUG|DistanceSensor: [minimum_distance_m: 1.0, maximum_distance_m: 500.0, current_distance_m: 500.0]
2023-01-06T12:03:57.476819+0100|DEBUG|Taking image
2023-01-06T12:03:57.477288+0100|DEBUG|Took image
2023-01-06T12:03:57.486243+0100|DEBUG|image_contains_mast called
2023-01-06T12:03:57.834802+0100|DEBUG|image_contains_mast returned False, confidence: 0.7835240960121155
2023-01-06T12:03:57.835639+0100|DEBUG|Did mast check
2023-01-06T12:03:57.836441+0100|DEBUG|DistanceSensor: [minimum_distance_m: 1.0, maximum_distance_m: 500.0, current_distance_m: 500.0]
2023-01-06T12:03:57.987677+0100|DEBUG|DistanceSensor: [minimum_distance_m: 1.0, maximum_distance_m: 500.0, current_distance_m: 500.0]
2023-01-06T12:03:58.557170+0100|DEBUG|DistanceSensor: [minimum_distance_m: 1.0, maximum_distance_m: 500.0, current_distance_m: 500.0]
2023-01-06T12:03:58.736596+0100|DEBUG|DistanceSensor: [minimum_distance_m: 1.0, maximum_distance_m: 500.0, current_distance_m: 500.0]
2023-01-06T12:03:59.511828+0100|DEBUG|DistanceSensor: [minimum_distance_m: 1.0, maximum_distance_m: 500.0, current_distance_m: 500.0]
2023-01-06T12:03:59.983295+0100|DEBUG|DistanceSensor: [minimum_distance_m: 1.0, maximum_distance_m: 500.0, current_distance_m: 500.0]
2023-01-06T12:04:00.276982+0100|DEBUG|DistanceSensor: [minimum_distance_m: 1.0, maximum_distance_m: 500.0, current_distance_m: 500.0]
2023-01-06T12:04:00.440184+0100|INFO|Mission progress: 0/1
2023-01-06T12:04:00.563972+0100|DEBUG|DistanceSensor: [minimum_distance_m: 1.0, maximum_distance_m: 500.0, current_distance_m: 500.0]
2023-01-06T12:04:00.839093+0100|DEBUG|DistanceSensor: [minimum_distance_m: 1.0, maximum_distance_m: 500.0, current_distance_m: 500.0]
2023-01-06T12:04:01.402840+0100|DEBUG|DistanceSensor: [minimum_distance_m: 1.0, maximum_distance_m: 500.0, current_distance_m: 500.0]
2023-01-06T12:04:01.777911+0100|DEBUG|DistanceSensor: [minimum_distance_m: 1.0, maximum_distance_m: 500.0, current_distance_m: 500.0]
2023-01-06T12:04:02.184770+0100|DEBUG|DistanceSensor: [minimum_distance_m: 1.0, maximum_distance_m: 500.0, current_distance_m: 500.0]
2023-01-06T12:04:02.831739+0100|DEBUG|DistanceSensor: [minimum_distance_m: 1.0, maximum_distance_m: 500.0, current_distance_m: 500.0]
2023-01-06T12:04:02.838625+0100|DEBUG|Taking image
2023-01-06T12:04:02.839600+0100|DEBUG|Took image
2023-01-06T12:04:02.851174+0100|DEBUG|image_contains_mast called
2023-01-06T12:04:03.234910+0100|DEBUG|image_contains_mast returned False, confidence: 0.2457185983657837
2023-01-06T12:04:03.235487+0100|DEBUG|Did mast check
2023-01-06T12:04:03.322380+0100|DEBUG|DistanceSensor: [minimum_distance_m: 1.0, maximum_distance_m: 500.0, current_distance_m: 500.0]
2023-01-06T12:04:03.794537+0100|DEBUG|DistanceSensor: [minimum_distance_m: 1.0, maximum_distance_m: 500.0, current_distance_m: 500.0]
2023-01-06T12:04:03.874467+0100|INFO|Mission progress: 0/1
2023-01-06T12:04:03.976203+0100|DEBUG|DistanceSensor: [minimum_distance_m: 1.0, maximum_distance_m: 500.0, current_distance_m: 500.0]
2023-01-06T12:04:04.246466+0100|DEBUG|DistanceSensor: [minimum_distance_m: 1.0, maximum_distance_m: 500.0, current_distance_m: 500.0]
2023-01-06T12:04:04.527821+0100|DEBUG|DistanceSensor: [minimum_distance_m: 1.0, maximum_distance_m: 500.0, current_distance_m: 500.0]
2023-01-06T12:04:04.792354+0100|DEBUG|DistanceSensor: [minimum_distance_m: 1.0, maximum_distance_m: 500.0, current_distance_m: 500.0]
2023-01-06T12:04:05.166072+0100|DEBUG|DistanceSensor: [minimum_distance_m: 1.0, maximum_distance_m: 500.0, current_distance_m: 500.0]
2023-01-06T12:04:05.440594+0100|DEBUG|DistanceSensor: [minimum_distance_m: 1.0, maximum_distance_m: 500.0, current_distance_m: 500.0]
2023-01-06T12:04:05.640985+0100|DEBUG|DistanceSensor: [minimum_distance_m: 1.0, maximum_distance_m: 500.0, current_distance_m: 500.0]
2023-01-06T12:04:05.907926+0100|DEBUG|DistanceSensor: [minimum_distance_m: 1.0, maximum_distance_m: 500.0, current_distance_m: 500.0]
2023-01-06T12:04:06.277842+0100|DEBUG|DistanceSensor: [minimum_distance_m: 1.0, maximum_distance_m: 500.0, current_distance_m: 500.0]
2023-01-06T12:04:06.453876+0100|DEBUG|DistanceSensor: [minimum_distance_m: 1.0, maximum_distance_m: 500.0, current_distance_m: 500.0]
2023-01-06T12:04:07.023027+0100|DEBUG|DistanceSensor: [minimum_distance_m: 1.0, maximum_distance_m: 500.0, current_distance_m: 500.0]
2023-01-06T12:04:07.296221+0100|DEBUG|DistanceSensor: [minimum_distance_m: 1.0, maximum_distance_m: 500.0, current_distance_m: 500.0]
2023-01-06T12:04:07.586070+0100|DEBUG|DistanceSensor: [minimum_distance_m: 1.0, maximum_distance_m: 500.0, current_distance_m: 500.0]
2023-01-06T12:04:07.838015+0100|INFO|Mission progress: 0/1
2023-01-06T12:04:08.153063+0100|DEBUG|DistanceSensor: [minimum_distance_m: 1.0, maximum_distance_m: 500.0, current_distance_m: 500.0]
2023-01-06T12:04:08.238248+0100|DEBUG|Taking image
2023-01-06T12:04:08.239069+0100|DEBUG|Took image
2023-01-06T12:04:08.247897+0100|DEBUG|image_contains_mast called
2023-01-06T12:04:08.632298+0100|DEBUG|image_contains_mast returned False, confidence: 0.21181003749370575
2023-01-06T12:04:08.632764+0100|DEBUG|Did mast check
2023-01-06T12:04:08.633519+0100|DEBUG|DistanceSensor: [minimum_distance_m: 1.0, maximum_distance_m: 500.0, current_distance_m: 500.0]
2023-01-06T12:04:08.848449+0100|DEBUG|DistanceSensor: [minimum_distance_m: 1.0, maximum_distance_m: 500.0, current_distance_m: 500.0]
2023-01-06T12:04:09.226345+0100|DEBUG|DistanceSensor: [minimum_distance_m: 1.0, maximum_distance_m: 500.0, current_distance_m: 500.0]
2023-01-06T12:04:09.394864+0100|DEBUG|DistanceSensor: [minimum_distance_m: 1.0, maximum_distance_m: 500.0, current_distance_m: 500.0]
2023-01-06T12:04:09.871523+0100|DEBUG|DistanceSensor: [minimum_distance_m: 1.0, maximum_distance_m: 500.0, current_distance_m: 500.0]
2023-01-06T12:04:10.057866+0100|DEBUG|DistanceSensor: [minimum_distance_m: 1.0, maximum_distance_m: 500.0, current_distance_m: 500.0]
2023-01-06T12:04:10.323107+0100|DEBUG|DistanceSensor: [minimum_distance_m: 1.0, maximum_distance_m: 500.0, current_distance_m: 500.0]
2023-01-06T12:04:10.788776+0100|DEBUG|DistanceSensor: [minimum_distance_m: 1.0, maximum_distance_m: 500.0, current_distance_m: 500.0]
2023-01-06T12:04:11.346580+0100|DEBUG|DistanceSensor: [minimum_distance_m: 1.0, maximum_distance_m: 500.0, current_distance_m: 500.0]
2023-01-06T12:04:11.380093+0100|INFO|Mission progress: 0/1
2023-01-06T12:04:11.812577+0100|DEBUG|DistanceSensor: [minimum_distance_m: 1.0, maximum_distance_m: 500.0, current_distance_m: 500.0]
2023-01-06T12:04:12.179360+0100|DEBUG|DistanceSensor: [minimum_distance_m: 1.0, maximum_distance_m: 500.0, current_distance_m: 500.0]
2023-01-06T12:04:12.438568+0100|DEBUG|DistanceSensor: [minimum_distance_m: 1.0, maximum_distance_m: 500.0, current_distance_m: 500.0]
2023-01-06T12:04:12.912664+0100|DEBUG|DistanceSensor: [minimum_distance_m: 1.0, maximum_distance_m: 500.0, current_distance_m: 500.0]
2023-01-06T12:04:13.184246+0100|DEBUG|DistanceSensor: [minimum_distance_m: 1.0, maximum_distance_m: 500.0, current_distance_m: 500.0]
2023-01-06T12:04:13.634872+0100|DEBUG|Taking image
2023-01-06T12:04:13.635506+0100|DEBUG|Took image
2023-01-06T12:04:13.649459+0100|DEBUG|image_contains_mast called
2023-01-06T12:04:13.992780+0100|DEBUG|image_contains_mast returned False, confidence: 0.18551667034626007
2023-01-06T12:04:13.993955+0100|DEBUG|Did mast check
2023-01-06T12:04:13.995112+0100|DEBUG|DistanceSensor: [minimum_distance_m: 1.0, maximum_distance_m: 500.0, current_distance_m: 500.0]
2023-01-06T12:04:14.136437+0100|DEBUG|DistanceSensor: [minimum_distance_m: 1.0, maximum_distance_m: 500.0, current_distance_m: 500.0]
2023-01-06T12:04:14.226246+0100|DEBUG|DistanceSensor: [minimum_distance_m: 1.0, maximum_distance_m: 500.0, current_distance_m: 500.0]
2023-01-06T12:04:14.902747+0100|DEBUG|DistanceSensor: [minimum_distance_m: 1.0, maximum_distance_m: 500.0, current_distance_m: 500.0]
2023-01-06T12:04:14.911280+0100|INFO|Mission progress: 0/1
2023-01-06T12:04:15.468722+0100|DEBUG|DistanceSensor: [minimum_distance_m: 1.0, maximum_distance_m: 500.0, current_distance_m: 500.0]
2023-01-06T12:04:15.944373+0100|DEBUG|DistanceSensor: [minimum_distance_m: 1.0, maximum_distance_m: 500.0, current_distance_m: 500.0]
2023-01-06T12:04:16.211791+0100|DEBUG|DistanceSensor: [minimum_distance_m: 1.0, maximum_distance_m: 500.0, current_distance_m: 500.0]
2023-01-06T12:04:16.386666+0100|DEBUG|DistanceSensor: [minimum_distance_m: 1.0, maximum_distance_m: 500.0, current_distance_m: 500.0]
2023-01-06T12:04:16.566570+0100|DEBUG|DistanceSensor: [minimum_distance_m: 1.0, maximum_distance_m: 500.0, current_distance_m: 500.0]
2023-01-06T12:04:16.927967+0100|DEBUG|DistanceSensor: [minimum_distance_m: 1.0, maximum_distance_m: 500.0, current_distance_m: 500.0]
2023-01-06T12:04:17.100393+0100|DEBUG|DistanceSensor: [minimum_distance_m: 1.0, maximum_distance_m: 500.0, current_distance_m: 500.0]
2023-01-06T12:04:17.573256+0100|DEBUG|DistanceSensor: [minimum_distance_m: 1.0, maximum_distance_m: 500.0, current_distance_m: 500.0]
2023-01-06T12:04:18.039170+0100|DEBUG|DistanceSensor: [minimum_distance_m: 1.0, maximum_distance_m: 500.0, current_distance_m: 500.0]
2023-01-06T12:04:18.405695+0100|DEBUG|DistanceSensor: [minimum_distance_m: 1.0, maximum_distance_m: 500.0, current_distance_m: 500.0]
2023-01-06T12:04:18.582076+0100|DEBUG|DistanceSensor: [minimum_distance_m: 1.0, maximum_distance_m: 500.0, current_distance_m: 500.0]
2023-01-06T12:04:18.997651+0100|DEBUG|Taking image
2023-01-06T12:04:18.998185+0100|DEBUG|Took image
2023-01-06T12:04:19.007697+0100|DEBUG|image_contains_mast called
2023-01-06T12:04:19.432747+0100|DEBUG|image_contains_mast returned False, confidence: 0.2057873010635376
2023-01-06T12:04:19.433342+0100|DEBUG|Did mast check
2023-01-06T12:04:19.435001+0100|DEBUG|DistanceSensor: [minimum_distance_m: 1.0, maximum_distance_m: 500.0, current_distance_m: 500.0]
2023-01-06T12:04:19.541638+0100|INFO|Mission progress: 0/1
2023-01-06T12:04:19.660457+0100|DEBUG|DistanceSensor: [minimum_distance_m: 1.0, maximum_distance_m: 500.0, current_distance_m: 500.0]
2023-01-06T12:04:20.140489+0100|DEBUG|DistanceSensor: [minimum_distance_m: 1.0, maximum_distance_m: 500.0, current_distance_m: 500.0]
2023-01-06T12:04:20.711648+0100|DEBUG|DistanceSensor: [minimum_distance_m: 1.0, maximum_distance_m: 500.0, current_distance_m: 500.0]
2023-01-06T12:04:20.979742+0100|DEBUG|DistanceSensor: [minimum_distance_m: 1.0, maximum_distance_m: 500.0, current_distance_m: 500.0]
2023-01-06T12:04:21.154695+0100|DEBUG|DistanceSensor: [minimum_distance_m: 1.0, maximum_distance_m: 500.0, current_distance_m: 500.0]
2023-01-06T12:04:21.419083+0100|DEBUG|DistanceSensor: [minimum_distance_m: 1.0, maximum_distance_m: 500.0, current_distance_m: 500.0]
2023-01-06T12:04:21.698767+0100|DEBUG|DistanceSensor: [minimum_distance_m: 1.0, maximum_distance_m: 500.0, current_distance_m: 500.0]
2023-01-06T12:04:22.359669+0100|DEBUG|DistanceSensor: [minimum_distance_m: 1.0, maximum_distance_m: 500.0, current_distance_m: 500.0]
2023-01-06T12:04:22.364051+0100|INFO|Mission progress: 0/1
2023-01-06T12:04:22.637273+0100|DEBUG|DistanceSensor: [minimum_distance_m: 1.0, maximum_distance_m: 500.0, current_distance_m: 500.0]
2023-01-06T12:04:23.110730+0100|DEBUG|DistanceSensor: [minimum_distance_m: 1.0, maximum_distance_m: 500.0, current_distance_m: 500.0]
2023-01-06T12:04:23.206576+0100|DEBUG|DistanceSensor: [minimum_distance_m: 1.0, maximum_distance_m: 500.0, current_distance_m: 500.0]
2023-01-06T12:04:23.420949+0100|DEBUG|DistanceSensor: [minimum_distance_m: 1.0, maximum_distance_m: 500.0, current_distance_m: 500.0]
2023-01-06T12:04:23.598344+0100|DEBUG|DistanceSensor: [minimum_distance_m: 1.0, maximum_distance_m: 500.0, current_distance_m: 500.0]
2023-01-06T12:04:23.957533+0100|DEBUG|DistanceSensor: [minimum_distance_m: 1.0, maximum_distance_m: 500.0, current_distance_m: 500.0]
2023-01-06T12:04:24.233800+0100|DEBUG|DistanceSensor: [minimum_distance_m: 1.0, maximum_distance_m: 500.0, current_distance_m: 500.0]
2023-01-06T12:04:24.408610+0100|DEBUG|DistanceSensor: [minimum_distance_m: 1.0, maximum_distance_m: 500.0, current_distance_m: 500.0]
2023-01-06T12:04:24.435094+0100|DEBUG|Taking image
2023-01-06T12:04:24.435752+0100|DEBUG|Took image
2023-01-06T12:04:24.443970+0100|DEBUG|image_contains_mast called
2023-01-06T12:04:24.769118+0100|DEBUG|image_contains_mast returned False, confidence: 0.09425751119852066
2023-01-06T12:04:24.769505+0100|DEBUG|Did mast check
2023-01-06T12:04:24.770379+0100|DEBUG|DistanceSensor: [minimum_distance_m: 1.0, maximum_distance_m: 500.0, current_distance_m: 500.0]
2023-01-06T12:04:24.976252+0100|DEBUG|DistanceSensor: [minimum_distance_m: 1.0, maximum_distance_m: 500.0, current_distance_m: 500.0]
2023-01-06T12:04:25.260936+0100|DEBUG|DistanceSensor: [minimum_distance_m: 1.0, maximum_distance_m: 500.0, current_distance_m: 500.0]
2023-01-06T12:04:25.744351+0100|DEBUG|DistanceSensor: [minimum_distance_m: 1.0, maximum_distance_m: 500.0, current_distance_m: 500.0]
2023-01-06T12:04:26.132567+0100|DEBUG|DistanceSensor: [minimum_distance_m: 1.0, maximum_distance_m: 500.0, current_distance_m: 500.0]
2023-01-06T12:04:26.829017+0100|DEBUG|DistanceSensor: [minimum_distance_m: 1.0, maximum_distance_m: 500.0, current_distance_m: 500.0]
2023-01-06T12:04:27.514665+0100|DEBUG|DistanceSensor: [minimum_distance_m: 1.0, maximum_distance_m: 500.0, current_distance_m: 500.0]
2023-01-06T12:04:27.608734+0100|DEBUG|DistanceSensor: [minimum_distance_m: 1.0, maximum_distance_m: 500.0, current_distance_m: 500.0]
2023-01-06T12:04:28.001786+0100|DEBUG|DistanceSensor: [minimum_distance_m: 1.0, maximum_distance_m: 500.0, current_distance_m: 500.0]
2023-01-06T12:04:28.493254+0100|DEBUG|DistanceSensor: [minimum_distance_m: 1.0, maximum_distance_m: 500.0, current_distance_m: 500.0]
2023-01-06T12:04:28.731812+0100|DEBUG|DistanceSensor: [minimum_distance_m: 1.0, maximum_distance_m: 500.0, current_distance_m: 500.0]
2023-01-06T12:04:29.112424+0100|DEBUG|DistanceSensor: [minimum_distance_m: 1.0, maximum_distance_m: 500.0, current_distance_m: 500.0]
2023-01-06T12:04:29.332157+0100|INFO|Mission progress: 0/1
2023-01-06T12:04:29.615274+0100|DEBUG|DistanceSensor: [minimum_distance_m: 1.0, maximum_distance_m: 500.0, current_distance_m: 500.0]
2023-01-06T12:04:29.771376+0100|DEBUG|Taking image
2023-01-06T12:04:29.772018+0100|DEBUG|Took image
2023-01-06T12:04:29.785885+0100|DEBUG|image_contains_mast called
2023-01-06T12:04:30.197658+0100|DEBUG|image_contains_mast returned False, confidence: 0.1451989710330963
2023-01-06T12:04:30.198843+0100|DEBUG|Did mast check
2023-01-06T12:04:30.200810+0100|DEBUG|DistanceSensor: [minimum_distance_m: 1.0, maximum_distance_m: 500.0, current_distance_m: 500.0]
2023-01-06T12:04:30.205423+0100|DEBUG|DistanceSensor: [minimum_distance_m: 1.0, maximum_distance_m: 500.0, current_distance_m: 500.0]
2023-01-06T12:04:30.628860+0100|DEBUG|DistanceSensor: [minimum_distance_m: 1.0, maximum_distance_m: 500.0, current_distance_m: 500.0]
2023-01-06T12:04:30.839216+0100|DEBUG|DistanceSensor: [minimum_distance_m: 1.0, maximum_distance_m: 500.0, current_distance_m: 500.0]
2023-01-06T12:04:31.324815+0100|DEBUG|DistanceSensor: [minimum_distance_m: 1.0, maximum_distance_m: 500.0, current_distance_m: 500.0]
2023-01-06T12:04:32.003894+0100|DEBUG|DistanceSensor: [minimum_distance_m: 1.0, maximum_distance_m: 500.0, current_distance_m: 500.0]
2023-01-06T12:04:32.470249+0100|DEBUG|DistanceSensor: [minimum_distance_m: 1.0, maximum_distance_m: 500.0, current_distance_m: 500.0]
2023-01-06T12:04:32.968075+0100|DEBUG|DistanceSensor: [minimum_distance_m: 1.0, maximum_distance_m: 500.0, current_distance_m: 500.0]
2023-01-06T12:04:33.003879+0100|INFO|Mission progress: 0/1
2023-01-06T12:04:33.168639+0100|DEBUG|DistanceSensor: [minimum_distance_m: 1.0, maximum_distance_m: 500.0, current_distance_m: 500.0]
2023-01-06T12:04:33.291559+0100|DEBUG|DistanceSensor: [minimum_distance_m: 1.0, maximum_distance_m: 500.0, current_distance_m: 500.0]
2023-01-06T12:04:33.617342+0100|DEBUG|DistanceSensor: [minimum_distance_m: 1.0, maximum_distance_m: 500.0, current_distance_m: 500.0]
2023-01-06T12:04:34.130506+0100|DEBUG|DistanceSensor: [minimum_distance_m: 1.0, maximum_distance_m: 500.0, current_distance_m: 500.0]
2023-01-06T12:04:34.404458+0100|DEBUG|DistanceSensor: [minimum_distance_m: 1.0, maximum_distance_m: 500.0, current_distance_m: 500.0]
2023-01-06T12:04:34.883538+0100|DEBUG|DistanceSensor: [minimum_distance_m: 1.0, maximum_distance_m: 500.0, current_distance_m: 500.0]
2023-01-06T12:04:35.201629+0100|DEBUG|Taking image
2023-01-06T12:04:35.202213+0100|DEBUG|Took image
2023-01-06T12:04:35.216247+0100|DEBUG|image_contains_mast called
2023-01-06T12:04:35.641501+0100|DEBUG|image_contains_mast returned False, confidence: 0.13751858472824097
2023-01-06T12:04:35.642167+0100|DEBUG|Did mast check
2023-01-06T12:04:35.642981+0100|DEBUG|DistanceSensor: [minimum_distance_m: 1.0, maximum_distance_m: 500.0, current_distance_m: 500.0]
2023-01-06T12:04:35.923618+0100|DEBUG|DistanceSensor: [minimum_distance_m: 1.0, maximum_distance_m: 500.0, current_distance_m: 500.0]
2023-01-06T12:04:36.121298+0100|DEBUG|DistanceSensor: [minimum_distance_m: 1.0, maximum_distance_m: 500.0, current_distance_m: 500.0]
2023-01-06T12:04:36.522811+0100|DEBUG|DistanceSensor: [minimum_distance_m: 1.0, maximum_distance_m: 500.0, current_distance_m: 500.0]
2023-01-06T12:04:36.719410+0100|DEBUG|DistanceSensor: [minimum_distance_m: 1.0, maximum_distance_m: 500.0, current_distance_m: 500.0]
2023-01-06T12:04:36.738242+0100|INFO|Mission progress: 0/1
2023-01-06T12:04:37.307715+0100|DEBUG|DistanceSensor: [minimum_distance_m: 1.0, maximum_distance_m: 500.0, current_distance_m: 500.0]
2023-01-06T12:04:37.695435+0100|DEBUG|DistanceSensor: [minimum_distance_m: 1.0, maximum_distance_m: 500.0, current_distance_m: 500.0]
2023-01-06T12:04:38.207072+0100|DEBUG|DistanceSensor: [minimum_distance_m: 1.0, maximum_distance_m: 500.0, current_distance_m: 500.0]
2023-01-06T12:04:38.578213+0100|DEBUG|DistanceSensor: [minimum_distance_m: 1.0, maximum_distance_m: 500.0, current_distance_m: 500.0]
2023-01-06T12:04:38.897492+0100|DEBUG|DistanceSensor: [minimum_distance_m: 1.0, maximum_distance_m: 500.0, current_distance_m: 500.0]
2023-01-06T12:04:39.504763+0100|DEBUG|DistanceSensor: [minimum_distance_m: 1.0, maximum_distance_m: 500.0, current_distance_m: 500.0]
2023-01-06T12:04:40.001384+0100|DEBUG|DistanceSensor: [minimum_distance_m: 1.0, maximum_distance_m: 500.0, current_distance_m: 500.0]
2023-01-06T12:04:40.496932+0100|DEBUG|DistanceSensor: [minimum_distance_m: 1.0, maximum_distance_m: 500.0, current_distance_m: 500.0]
2023-01-06T12:04:40.643876+0100|DEBUG|Taking image
2023-01-06T12:04:40.644648+0100|DEBUG|Took image
2023-01-06T12:04:40.660513+0100|DEBUG|image_contains_mast called
2023-01-06T12:04:41.107664+0100|DEBUG|image_contains_mast returned False, confidence: 0.14618206024169922
2023-01-06T12:04:41.108156+0100|DEBUG|Did mast check
2023-01-06T12:04:41.109895+0100|INFO|Mission progress: 0/1
2023-01-06T12:04:41.124768+0100|DEBUG|DistanceSensor: [minimum_distance_m: 1.0, maximum_distance_m: 500.0, current_distance_m: 500.0]
2023-01-06T12:04:41.236059+0100|DEBUG|DistanceSensor: [minimum_distance_m: 1.0, maximum_distance_m: 500.0, current_distance_m: 500.0]
2023-01-06T12:04:41.946379+0100|DEBUG|DistanceSensor: [minimum_distance_m: 1.0, maximum_distance_m: 500.0, current_distance_m: 500.0]
2023-01-06T12:04:42.134564+0100|DEBUG|DistanceSensor: [minimum_distance_m: 1.0, maximum_distance_m: 500.0, current_distance_m: 500.0]
2023-01-06T12:04:42.805939+0100|DEBUG|DistanceSensor: [minimum_distance_m: 1.0, maximum_distance_m: 500.0, current_distance_m: 500.0]
2023-01-06T12:04:43.583780+0100|DEBUG|DistanceSensor: [minimum_distance_m: 1.0, maximum_distance_m: 500.0, current_distance_m: 500.0]
2023-01-06T12:04:44.157263+0100|DEBUG|DistanceSensor: [minimum_distance_m: 1.0, maximum_distance_m: 500.0, current_distance_m: 500.0]
2023-01-06T12:04:44.828635+0100|DEBUG|DistanceSensor: [minimum_distance_m: 1.0, maximum_distance_m: 500.0, current_distance_m: 500.0]
2023-01-06T12:04:45.216179+0100|INFO|Mission progress: 0/1
2023-01-06T12:04:45.328988+0100|DEBUG|DistanceSensor: [minimum_distance_m: 1.0, maximum_distance_m: 500.0, current_distance_m: 500.0]
2023-01-06T12:04:45.444616+0100|DEBUG|DistanceSensor: [minimum_distance_m: 1.0, maximum_distance_m: 500.0, current_distance_m: 500.0]
2023-01-06T12:04:45.725031+0100|DEBUG|DistanceSensor: [minimum_distance_m: 1.0, maximum_distance_m: 500.0, current_distance_m: 500.0]
2023-01-06T12:04:45.941425+0100|DEBUG|DistanceSensor: [minimum_distance_m: 1.0, maximum_distance_m: 500.0, current_distance_m: 500.0]
2023-01-06T12:04:46.109982+0100|DEBUG|Taking image
2023-01-06T12:04:46.110974+0100|DEBUG|Took image
2023-01-06T12:04:46.123437+0100|DEBUG|image_contains_mast called
2023-01-06T12:04:46.507118+0100|DEBUG|image_contains_mast returned False, confidence: 0.17081832885742188
2023-01-06T12:04:46.507641+0100|DEBUG|Did mast check
2023-01-06T12:04:46.508931+0100|DEBUG|DistanceSensor: [minimum_distance_m: 1.0, maximum_distance_m: 500.0, current_distance_m: 500.0]
2023-01-06T12:04:46.841300+0100|DEBUG|DistanceSensor: [minimum_distance_m: 1.0, maximum_distance_m: 500.0, current_distance_m: 500.0]
2023-01-06T12:04:47.056423+0100|DEBUG|DistanceSensor: [minimum_distance_m: 1.0, maximum_distance_m: 500.0, current_distance_m: 500.0]
2023-01-06T12:04:47.436601+0100|DEBUG|DistanceSensor: [minimum_distance_m: 1.0, maximum_distance_m: 500.0, current_distance_m: 500.0]
2023-01-06T12:04:47.915200+0100|DEBUG|DistanceSensor: [minimum_distance_m: 1.0, maximum_distance_m: 500.0, current_distance_m: 500.0]
2023-01-06T12:04:48.301239+0100|DEBUG|DistanceSensor: [minimum_distance_m: 1.0, maximum_distance_m: 500.0, current_distance_m: 500.0]
2023-01-06T12:04:48.886411+0100|DEBUG|DistanceSensor: [minimum_distance_m: 1.0, maximum_distance_m: 500.0, current_distance_m: 500.0]
2023-01-06T12:04:49.061689+0100|DEBUG|DistanceSensor: [minimum_distance_m: 1.0, maximum_distance_m: 500.0, current_distance_m: 500.0]
2023-01-06T12:04:49.554448+0100|DEBUG|DistanceSensor: [minimum_distance_m: 1.0, maximum_distance_m: 500.0, current_distance_m: 500.0]
2023-01-06T12:04:49.937896+0100|DEBUG|DistanceSensor: [minimum_distance_m: 1.0, maximum_distance_m: 500.0, current_distance_m: 500.0]
2023-01-06T12:04:50.179936+0100|INFO|Mission progress: 0/1
2023-01-06T12:04:50.519583+0100|DEBUG|DistanceSensor: [minimum_distance_m: 1.0, maximum_distance_m: 500.0, current_distance_m: 500.0]
2023-01-06T12:04:50.819250+0100|DEBUG|DistanceSensor: [minimum_distance_m: 1.0, maximum_distance_m: 500.0, current_distance_m: 500.0]
2023-01-06T12:04:51.322355+0100|DEBUG|DistanceSensor: [minimum_distance_m: 1.0, maximum_distance_m: 500.0, current_distance_m: 500.0]
2023-01-06T12:04:51.509045+0100|DEBUG|Taking image
2023-01-06T12:04:51.509990+0100|DEBUG|Took image
2023-01-06T12:04:51.518605+0100|DEBUG|image_contains_mast called
2023-01-06T12:04:51.907305+0100|DEBUG|image_contains_mast returned False, confidence: 0.24050195515155792
2023-01-06T12:04:51.907858+0100|DEBUG|Did mast check
2023-01-06T12:04:51.908879+0100|DEBUG|DistanceSensor: [minimum_distance_m: 1.0, maximum_distance_m: 500.0, current_distance_m: 500.0]
2023-01-06T12:04:51.911674+0100|DEBUG|DistanceSensor: [minimum_distance_m: 1.0, maximum_distance_m: 500.0, current_distance_m: 500.0]
2023-01-06T12:04:52.487362+0100|DEBUG|DistanceSensor: [minimum_distance_m: 1.0, maximum_distance_m: 500.0, current_distance_m: 500.0]
2023-01-06T12:04:53.060467+0100|DEBUG|DistanceSensor: [minimum_distance_m: 1.0, maximum_distance_m: 500.0, current_distance_m: 500.0]
2023-01-06T12:04:53.847921+0100|DEBUG|DistanceSensor: [minimum_distance_m: 1.0, maximum_distance_m: 500.0, current_distance_m: 500.0]
2023-01-06T12:04:53.849077+0100|INFO|Mission progress: 0/1
2023-01-06T12:04:53.944679+0100|DEBUG|DistanceSensor: [minimum_distance_m: 1.0, maximum_distance_m: 500.0, current_distance_m: 500.0]
2023-01-06T12:04:54.823259+0100|DEBUG|DistanceSensor: [minimum_distance_m: 1.0, maximum_distance_m: 500.0, current_distance_m: 500.0]
2023-01-06T12:04:55.193258+0100|DEBUG|DistanceSensor: [minimum_distance_m: 1.0, maximum_distance_m: 500.0, current_distance_m: 500.0]
2023-01-06T12:04:55.703378+0100|DEBUG|DistanceSensor: [minimum_distance_m: 1.0, maximum_distance_m: 500.0, current_distance_m: 500.0]
2023-01-06T12:04:56.490788+0100|DEBUG|DistanceSensor: [minimum_distance_m: 1.0, maximum_distance_m: 500.0, current_distance_m: 500.0]
2023-01-06T12:04:56.909676+0100|DEBUG|Taking image
2023-01-06T12:04:56.910186+0100|DEBUG|Took image
2023-01-06T12:04:56.917101+0100|DEBUG|image_contains_mast called
2023-01-06T12:04:57.348833+0100|DEBUG|image_contains_mast returned False, confidence: 0.33511680364608765
2023-01-06T12:04:57.349613+0100|DEBUG|Did mast check
2023-01-06T12:04:57.351130+0100|DEBUG|DistanceSensor: [minimum_distance_m: 1.0, maximum_distance_m: 500.0, current_distance_m: 500.0]
2023-01-06T12:04:58.061188+0100|DEBUG|DistanceSensor: [minimum_distance_m: 1.0, maximum_distance_m: 500.0, current_distance_m: 500.0]
2023-01-06T12:04:58.449332+0100|DEBUG|DistanceSensor: [minimum_distance_m: 1.0, maximum_distance_m: 500.0, current_distance_m: 500.0]
2023-01-06T12:04:58.635554+0100|DEBUG|DistanceSensor: [minimum_distance_m: 1.0, maximum_distance_m: 500.0, current_distance_m: 500.0]
2023-01-06T12:04:59.235134+0100|DEBUG|DistanceSensor: [minimum_distance_m: 1.0, maximum_distance_m: 500.0, current_distance_m: 500.0]
2023-01-06T12:04:59.380526+0100|INFO|Mission progress: 0/1
2023-01-06T12:04:59.614855+0100|DEBUG|DistanceSensor: [minimum_distance_m: 1.0, maximum_distance_m: 500.0, current_distance_m: 500.0]
2023-01-06T12:04:59.802679+0100|DEBUG|DistanceSensor: [minimum_distance_m: 1.0, maximum_distance_m: 500.0, current_distance_m: 500.0]
2023-01-06T12:05:00.377309+0100|DEBUG|DistanceSensor: [minimum_distance_m: 1.0, maximum_distance_m: 500.0, current_distance_m: 500.0]
2023-01-06T12:05:00.862451+0100|DEBUG|DistanceSensor: [minimum_distance_m: 1.0, maximum_distance_m: 500.0, current_distance_m: 500.0]
2023-01-06T12:05:01.252136+0100|DEBUG|DistanceSensor: [minimum_distance_m: 1.0, maximum_distance_m: 500.0, current_distance_m: 500.0]
2023-01-06T12:05:01.759593+0100|DEBUG|DistanceSensor: [minimum_distance_m: 1.0, maximum_distance_m: 500.0, current_distance_m: 500.0]
2023-01-06T12:05:02.268371+0100|DEBUG|DistanceSensor: [minimum_distance_m: 1.0, maximum_distance_m: 500.0, current_distance_m: 500.0]
2023-01-06T12:05:02.350798+0100|DEBUG|Taking image
2023-01-06T12:05:02.351424+0100|DEBUG|Took image
2023-01-06T12:05:02.364018+0100|DEBUG|image_contains_mast called
2023-01-06T12:05:02.856634+0100|DEBUG|image_contains_mast returned False, confidence: 0.2740107476711273
2023-01-06T12:05:02.857322+0100|DEBUG|Did mast check
2023-01-06T12:05:02.859557+0100|DEBUG|DistanceSensor: [minimum_distance_m: 1.0, maximum_distance_m: 500.0, current_distance_m: 500.0]
2023-01-06T12:05:03.498377+0100|DEBUG|DistanceSensor: [minimum_distance_m: 1.0, maximum_distance_m: 500.0, current_distance_m: 500.0]
2023-01-06T12:05:03.765262+0100|DEBUG|DistanceSensor: [minimum_distance_m: 1.0, maximum_distance_m: 500.0, current_distance_m: 500.0]
2023-01-06T12:05:04.362256+0100|DEBUG|DistanceSensor: [minimum_distance_m: 1.0, maximum_distance_m: 500.0, current_distance_m: 500.0]
2023-01-06T12:05:04.365317+0100|INFO|Mission progress: 0/1
2023-01-06T12:05:04.586962+0100|DEBUG|DistanceSensor: [minimum_distance_m: 1.0, maximum_distance_m: 500.0, current_distance_m: 500.0]
2023-01-06T12:05:04.884339+0100|DEBUG|DistanceSensor: [minimum_distance_m: 1.0, maximum_distance_m: 500.0, current_distance_m: 500.0]
2023-01-06T12:05:05.677258+0100|DEBUG|DistanceSensor: [minimum_distance_m: 1.0, maximum_distance_m: 500.0, current_distance_m: 500.0]
2023-01-06T12:05:05.910593+0100|DEBUG|DistanceSensor: [minimum_distance_m: 1.0, maximum_distance_m: 500.0, current_distance_m: 500.0]
2023-01-06T12:05:06.023351+0100|DEBUG|DistanceSensor: [minimum_distance_m: 1.0, maximum_distance_m: 500.0, current_distance_m: 500.0]
2023-01-06T12:05:06.515318+0100|DEBUG|DistanceSensor: [minimum_distance_m: 1.0, maximum_distance_m: 500.0, current_distance_m: 500.0]
2023-01-06T12:05:07.011536+0100|DEBUG|DistanceSensor: [minimum_distance_m: 1.0, maximum_distance_m: 500.0, current_distance_m: 500.0]
2023-01-06T12:05:07.308234+0100|DEBUG|DistanceSensor: [minimum_distance_m: 1.0, maximum_distance_m: 500.0, current_distance_m: 500.0]
2023-01-06T12:05:07.738112+0100|DEBUG|DistanceSensor: [minimum_distance_m: 1.0, maximum_distance_m: 500.0, current_distance_m: 500.0]
2023-01-06T12:05:07.860269+0100|DEBUG|Taking image
2023-01-06T12:05:07.860933+0100|DEBUG|Took image
2023-01-06T12:05:07.868815+0100|DEBUG|image_contains_mast called
2023-01-06T12:05:08.284951+0100|DEBUG|image_contains_mast returned False, confidence: 0.2385808527469635
2023-01-06T12:05:08.285739+0100|DEBUG|Did mast check
2023-01-06T12:05:08.286808+0100|DEBUG|DistanceSensor: [minimum_distance_m: 1.0, maximum_distance_m: 500.0, current_distance_m: 500.0]
2023-01-06T12:05:08.453005+0100|DEBUG|DistanceSensor: [minimum_distance_m: 1.0, maximum_distance_m: 500.0, current_distance_m: 500.0]
2023-01-06T12:05:08.815905+0100|INFO|Mission progress: 0/1
2023-01-06T12:05:09.027747+0100|DEBUG|DistanceSensor: [minimum_distance_m: 1.0, maximum_distance_m: 500.0, current_distance_m: 500.0]
2023-01-06T12:05:09.601849+0100|DEBUG|DistanceSensor: [minimum_distance_m: 1.0, maximum_distance_m: 500.0, current_distance_m: 500.0]
2023-01-06T12:05:09.824799+0100|DEBUG|DistanceSensor: [minimum_distance_m: 1.0, maximum_distance_m: 500.0, current_distance_m: 500.0]
2023-01-06T12:05:10.331236+0100|DEBUG|DistanceSensor: [minimum_distance_m: 1.0, maximum_distance_m: 500.0, current_distance_m: 500.0]
2023-01-06T12:05:10.914459+0100|DEBUG|DistanceSensor: [minimum_distance_m: 1.0, maximum_distance_m: 500.0, current_distance_m: 500.0]
2023-01-06T12:05:11.376206+0100|DEBUG|DistanceSensor: [minimum_distance_m: 1.0, maximum_distance_m: 500.0, current_distance_m: 500.0]
2023-01-06T12:05:11.594243+0100|DEBUG|DistanceSensor: [minimum_distance_m: 1.0, maximum_distance_m: 500.0, current_distance_m: 500.0]
2023-01-06T12:05:11.978015+0100|DEBUG|DistanceSensor: [minimum_distance_m: 1.0, maximum_distance_m: 500.0, current_distance_m: 500.0]
2023-01-06T12:05:12.363726+0100|DEBUG|DistanceSensor: [minimum_distance_m: 1.0, maximum_distance_m: 500.0, current_distance_m: 500.0]
2023-01-06T12:05:12.573796+0100|DEBUG|DistanceSensor: [minimum_distance_m: 1.0, maximum_distance_m: 500.0, current_distance_m: 500.0]
2023-01-06T12:05:12.678640+0100|DEBUG|DistanceSensor: [minimum_distance_m: 1.0, maximum_distance_m: 500.0, current_distance_m: 500.0]
2023-01-06T12:05:12.700781+0100|INFO|Mission progress: 0/1
2023-01-06T12:05:12.858055+0100|DEBUG|DistanceSensor: [minimum_distance_m: 1.0, maximum_distance_m: 500.0, current_distance_m: 500.0]
2023-01-06T12:05:12.960571+0100|DEBUG|DistanceSensor: [minimum_distance_m: 1.0, maximum_distance_m: 500.0, current_distance_m: 500.0]
2023-01-06T12:05:13.246841+0100|DEBUG|DistanceSensor: [minimum_distance_m: 1.0, maximum_distance_m: 500.0, current_distance_m: 500.0]
2023-01-06T12:05:13.293049+0100|DEBUG|Taking image
2023-01-06T12:05:13.293995+0100|DEBUG|Took image
2023-01-06T12:05:13.305292+0100|DEBUG|image_contains_mast called
2023-01-06T12:05:13.673844+0100|DEBUG|image_contains_mast returned False, confidence: 0.48368188738822937
2023-01-06T12:05:13.675520+0100|DEBUG|Did mast check
2023-01-06T12:05:13.952799+0100|DEBUG|DistanceSensor: [minimum_distance_m: 1.0, maximum_distance_m: 500.0, current_distance_m: 500.0]
2023-01-06T12:05:14.360630+0100|DEBUG|DistanceSensor: [minimum_distance_m: 1.0, maximum_distance_m: 500.0, current_distance_m: 500.0]
2023-01-06T12:05:14.848970+0100|DEBUG|DistanceSensor: [minimum_distance_m: 1.0, maximum_distance_m: 500.0, current_distance_m: 500.0]
2023-01-06T12:05:15.433630+0100|DEBUG|DistanceSensor: [minimum_distance_m: 1.0, maximum_distance_m: 500.0, current_distance_m: 500.0]
2023-01-06T12:05:15.835766+0100|DEBUG|DistanceSensor: [minimum_distance_m: 1.0, maximum_distance_m: 500.0, current_distance_m: 500.0]
2023-01-06T12:05:16.284805+0100|INFO|Mission progress: 0/1
2023-01-06T12:05:16.617734+0100|DEBUG|DistanceSensor: [minimum_distance_m: 1.0, maximum_distance_m: 500.0, current_distance_m: 500.0]
2023-01-06T12:05:17.194514+0100|DEBUG|DistanceSensor: [minimum_distance_m: 1.0, maximum_distance_m: 500.0, current_distance_m: 500.0]
2023-01-06T12:05:17.771058+0100|DEBUG|DistanceSensor: [minimum_distance_m: 1.0, maximum_distance_m: 500.0, current_distance_m: 500.0]
2023-01-06T12:05:17.940107+0100|DEBUG|DistanceSensor: [minimum_distance_m: 1.0, maximum_distance_m: 500.0, current_distance_m: 500.0]
2023-01-06T12:05:18.220246+0100|DEBUG|DistanceSensor: [minimum_distance_m: 1.0, maximum_distance_m: 500.0, current_distance_m: 500.0]
2023-01-06T12:05:18.317243+0100|DEBUG|DistanceSensor: [minimum_distance_m: 1.0, maximum_distance_m: 500.0, current_distance_m: 500.0]
2023-01-06T12:05:18.594206+0100|DEBUG|DistanceSensor: [minimum_distance_m: 1.0, maximum_distance_m: 500.0, current_distance_m: 500.0]
2023-01-06T12:05:18.679887+0100|DEBUG|Taking image
2023-01-06T12:05:18.680741+0100|DEBUG|Took image
2023-01-06T12:05:18.689219+0100|DEBUG|image_contains_mast called
2023-01-06T12:05:19.068471+0100|DEBUG|image_contains_mast returned False, confidence: 0.3283082842826843
2023-01-06T12:05:19.069586+0100|DEBUG|Did mast check
2023-01-06T12:05:19.071315+0100|DEBUG|DistanceSensor: [minimum_distance_m: 1.0, maximum_distance_m: 500.0, current_distance_m: 500.0]
2023-01-06T12:05:19.284225+0100|DEBUG|DistanceSensor: [minimum_distance_m: 1.0, maximum_distance_m: 500.0, current_distance_m: 500.0]
2023-01-06T12:05:19.857924+0100|DEBUG|DistanceSensor: [minimum_distance_m: 1.0, maximum_distance_m: 500.0, current_distance_m: 500.0]
2023-01-06T12:05:20.224124+0100|DEBUG|DistanceSensor: [minimum_distance_m: 1.0, maximum_distance_m: 500.0, current_distance_m: 500.0]
2023-01-06T12:05:20.304790+0100|DEBUG|DistanceSensor: [minimum_distance_m: 1.0, maximum_distance_m: 500.0, current_distance_m: 500.0]
2023-01-06T12:05:20.498983+0100|DEBUG|DistanceSensor: [minimum_distance_m: 1.0, maximum_distance_m: 500.0, current_distance_m: 500.0]
2023-01-06T12:05:21.374223+0100|DEBUG|DistanceSensor: [minimum_distance_m: 1.0, maximum_distance_m: 500.0, current_distance_m: 500.0]
2023-01-06T12:05:21.671213+0100|DEBUG|DistanceSensor: [minimum_distance_m: 1.0, maximum_distance_m: 500.0, current_distance_m: 500.0]
2023-01-06T12:05:22.143489+0100|DEBUG|DistanceSensor: [minimum_distance_m: 1.0, maximum_distance_m: 500.0, current_distance_m: 500.0]
2023-01-06T12:05:22.248196+0100|DEBUG|DistanceSensor: [minimum_distance_m: 1.0, maximum_distance_m: 500.0, current_distance_m: 500.0]
2023-01-06T12:05:22.441728+0100|DEBUG|DistanceSensor: [minimum_distance_m: 1.0, maximum_distance_m: 500.0, current_distance_m: 500.0]
2023-01-06T12:05:22.823201+0100|DEBUG|DistanceSensor: [minimum_distance_m: 1.0, maximum_distance_m: 500.0, current_distance_m: 500.0]
2023-01-06T12:05:23.194484+0100|DEBUG|DistanceSensor: [minimum_distance_m: 1.0, maximum_distance_m: 500.0, current_distance_m: 500.0]
2023-01-06T12:05:23.376816+0100|DEBUG|DistanceSensor: [minimum_distance_m: 1.0, maximum_distance_m: 500.0, current_distance_m: 500.0]
2023-01-06T12:05:23.626027+0100|INFO|Mission progress: 0/1
2023-01-06T12:05:23.845390+0100|DEBUG|DistanceSensor: [minimum_distance_m: 1.0, maximum_distance_m: 500.0, current_distance_m: 500.0]
2023-01-06T12:05:24.073271+0100|DEBUG|Taking image
2023-01-06T12:05:24.074913+0100|DEBUG|Took image
2023-01-06T12:05:24.088552+0100|DEBUG|image_contains_mast called
2023-01-06T12:05:24.500291+0100|DEBUG|image_contains_mast returned False, confidence: 0.2708917260169983
2023-01-06T12:05:24.501848+0100|DEBUG|Did mast check
2023-01-06T12:05:24.503910+0100|DEBUG|DistanceSensor: [minimum_distance_m: 1.0, maximum_distance_m: 500.0, current_distance_m: 500.0]
2023-01-06T12:05:24.636157+0100|DEBUG|DistanceSensor: [minimum_distance_m: 1.0, maximum_distance_m: 500.0, current_distance_m: 500.0]
2023-01-06T12:05:24.914655+0100|DEBUG|DistanceSensor: [minimum_distance_m: 1.0, maximum_distance_m: 500.0, current_distance_m: 500.0]
2023-01-06T12:05:25.484380+0100|DEBUG|DistanceSensor: [minimum_distance_m: 1.0, maximum_distance_m: 500.0, current_distance_m: 500.0]
2023-01-06T12:05:25.863327+0100|DEBUG|DistanceSensor: [minimum_distance_m: 1.0, maximum_distance_m: 500.0, current_distance_m: 500.0]
2023-01-06T12:05:26.066588+0100|DEBUG|DistanceSensor: [minimum_distance_m: 1.0, maximum_distance_m: 500.0, current_distance_m: 500.0]
2023-01-06T12:05:26.463678+0100|DEBUG|DistanceSensor: [minimum_distance_m: 1.0, maximum_distance_m: 500.0, current_distance_m: 500.0]
2023-01-06T12:05:26.754130+0100|DEBUG|DistanceSensor: [minimum_distance_m: 1.0, maximum_distance_m: 500.0, current_distance_m: 500.0]
2023-01-06T12:05:27.139463+0100|DEBUG|DistanceSensor: [minimum_distance_m: 1.0, maximum_distance_m: 500.0, current_distance_m: 500.0]
2023-01-06T12:05:27.394053+0100|INFO|Mission progress: 0/1
2023-01-06T12:05:27.517277+0100|DEBUG|DistanceSensor: [minimum_distance_m: 1.0, maximum_distance_m: 500.0, current_distance_m: 500.0]
2023-01-06T12:05:27.792756+0100|DEBUG|DistanceSensor: [minimum_distance_m: 1.0, maximum_distance_m: 500.0, current_distance_m: 500.0]
2023-01-06T12:05:28.073741+0100|DEBUG|DistanceSensor: [minimum_distance_m: 1.0, maximum_distance_m: 500.0, current_distance_m: 500.0]
2023-01-06T12:05:28.846233+0100|DEBUG|DistanceSensor: [minimum_distance_m: 1.0, maximum_distance_m: 500.0, current_distance_m: 500.0]
2023-01-06T12:05:29.029267+0100|DEBUG|DistanceSensor: [minimum_distance_m: 1.0, maximum_distance_m: 500.0, current_distance_m: 500.0]
2023-01-06T12:05:29.333173+0100|DEBUG|DistanceSensor: [minimum_distance_m: 1.0, maximum_distance_m: 500.0, current_distance_m: 500.0]
2023-01-06T12:05:29.505358+0100|DEBUG|Taking image
2023-01-06T12:05:29.506289+0100|DEBUG|Took image
2023-01-06T12:05:29.517241+0100|DEBUG|image_contains_mast called
2023-01-06T12:05:29.965123+0100|DEBUG|image_contains_mast returned False, confidence: 0.25086459517478943
2023-01-06T12:05:29.965812+0100|DEBUG|Did mast check
2023-01-06T12:05:29.966439+0100|DEBUG|DistanceSensor: [minimum_distance_m: 1.0, maximum_distance_m: 500.0, current_distance_m: 500.0]
2023-01-06T12:05:29.969347+0100|DEBUG|DistanceSensor: [minimum_distance_m: 1.0, maximum_distance_m: 500.0, current_distance_m: 500.0]
2023-01-06T12:05:30.365246+0100|DEBUG|DistanceSensor: [minimum_distance_m: 1.0, maximum_distance_m: 500.0, current_distance_m: 500.0]
2023-01-06T12:05:30.545866+0100|DEBUG|DistanceSensor: [minimum_distance_m: 1.0, maximum_distance_m: 500.0, current_distance_m: 500.0]
2023-01-06T12:05:31.041248+0100|DEBUG|DistanceSensor: [minimum_distance_m: 1.0, maximum_distance_m: 500.0, current_distance_m: 500.0]
2023-01-06T12:05:31.054671+0100|INFO|Mission progress: 0/1
2023-01-06T12:05:31.454700+0100|DEBUG|DistanceSensor: [minimum_distance_m: 1.0, maximum_distance_m: 500.0, current_distance_m: 500.0]
2023-01-06T12:05:31.946598+0100|DEBUG|DistanceSensor: [minimum_distance_m: 1.0, maximum_distance_m: 500.0, current_distance_m: 500.0]
2023-01-06T12:05:32.322453+0100|DEBUG|DistanceSensor: [minimum_distance_m: 1.0, maximum_distance_m: 500.0, current_distance_m: 500.0]
2023-01-06T12:05:33.133033+0100|DEBUG|DistanceSensor: [minimum_distance_m: 1.0, maximum_distance_m: 500.0, current_distance_m: 500.0]
2023-01-06T12:05:33.719530+0100|DEBUG|DistanceSensor: [minimum_distance_m: 1.0, maximum_distance_m: 500.0, current_distance_m: 500.0]
2023-01-06T12:05:34.109664+0100|DEBUG|DistanceSensor: [minimum_distance_m: 1.0, maximum_distance_m: 500.0, current_distance_m: 500.0]
2023-01-06T12:05:34.388201+0100|DEBUG|DistanceSensor: [minimum_distance_m: 1.0, maximum_distance_m: 500.0, current_distance_m: 500.0]
2023-01-06T12:05:34.637285+0100|INFO|Mission progress: 0/1
2023-01-06T12:05:34.772935+0100|DEBUG|DistanceSensor: [minimum_distance_m: 1.0, maximum_distance_m: 500.0, current_distance_m: 500.0]
2023-01-06T12:05:34.962498+0100|DEBUG|DistanceSensor: [minimum_distance_m: 1.0, maximum_distance_m: 500.0, current_distance_m: 500.0]
2023-01-06T12:05:34.968248+0100|DEBUG|Taking image
2023-01-06T12:05:34.969211+0100|DEBUG|Took image
2023-01-06T12:05:34.989557+0100|DEBUG|image_contains_mast called
2023-01-06T12:05:35.376344+0100|DEBUG|image_contains_mast returned False, confidence: 0.4473361074924469
2023-01-06T12:05:35.376889+0100|DEBUG|Did mast check
2023-01-06T12:05:35.648088+0100|DEBUG|DistanceSensor: [minimum_distance_m: 1.0, maximum_distance_m: 500.0, current_distance_m: 500.0]
2023-01-06T12:05:35.945683+0100|DEBUG|DistanceSensor: [minimum_distance_m: 1.0, maximum_distance_m: 500.0, current_distance_m: 500.0]
2023-01-06T12:05:36.544082+0100|DEBUG|DistanceSensor: [minimum_distance_m: 1.0, maximum_distance_m: 500.0, current_distance_m: 500.0]
2023-01-06T12:05:36.649809+0100|DEBUG|DistanceSensor: [minimum_distance_m: 1.0, maximum_distance_m: 500.0, current_distance_m: 469.0]
2023-01-06T12:05:37.213638+0100|DEBUG|DistanceSensor: [minimum_distance_m: 1.0, maximum_distance_m: 500.0, current_distance_m: 406.0]
2023-01-06T12:05:37.484338+0100|DEBUG|DistanceSensor: [minimum_distance_m: 1.0, maximum_distance_m: 500.0, current_distance_m: 351.0]
2023-01-06T12:05:37.858477+0100|DEBUG|DistanceSensor: [minimum_distance_m: 1.0, maximum_distance_m: 500.0, current_distance_m: 316.0]
2023-01-06T12:05:38.752294+0100|DEBUG|DistanceSensor: [minimum_distance_m: 1.0, maximum_distance_m: 500.0, current_distance_m: 219.0]
2023-01-06T12:05:38.754866+0100|INFO|Obstacle identified, line of sight cannot be confirmed.
2023-01-06T12:05:39.038466+0100|DEBUG|DistanceSensor: [minimum_distance_m: 1.0, maximum_distance_m: 500.0, current_distance_m: 248.0]
2023-01-06T12:05:39.040755+0100|INFO|Obstacle identified, line of sight cannot be confirmed.
2023-01-06T12:05:39.250599+0100|INFO|Mission progress: 0/1
2023-01-06T12:05:39.384705+0100|INFO|Clearing current mission
2023-01-06T12:05:39.565550+0100|INFO|Returning to base
2023-01-06T12:05:39.628172+0100|DEBUG|DistanceSensor: [minimum_distance_m: 1.0, maximum_distance_m: 500.0, current_distance_m: 222.0]
2023-01-06T12:05:39.632011+0100|INFO|Obstacle identified, line of sight cannot be confirmed.
2023-01-06T12:05:40.319740+0100|DEBUG|DistanceSensor: [minimum_distance_m: 1.0, maximum_distance_m: 500.0, current_distance_m: 123.0]
2023-01-06T12:05:40.322632+0100|INFO|Obstacle identified, line of sight cannot be confirmed.
2023-01-06T12:05:40.379165+0100|DEBUG|mast_recognition, is returning was false
2023-01-06T12:05:40.833510+0100|DEBUG|DistanceSensor: [minimum_distance_m: 1.0, maximum_distance_m: 500.0, current_distance_m: 124.0]
2023-01-06T12:05:40.836477+0100|INFO|Obstacle identified, line of sight cannot be confirmed.
2023-01-06T12:05:40.951941+0100|INFO|Mission progress: 0/1
2023-01-06T12:05:41.718153+0100|DEBUG|DistanceSensor: [minimum_distance_m: 1.0, maximum_distance_m: 500.0, current_distance_m: 110.0]
2023-01-06T12:05:41.720124+0100|INFO|Obstacle identified, line of sight cannot be confirmed.
2023-01-06T12:05:42.111497+0100|DEBUG|DistanceSensor: [minimum_distance_m: 1.0, maximum_distance_m: 500.0, current_distance_m: 41.0]
2023-01-06T12:05:42.114321+0100|INFO|Obstacle identified, line of sight cannot be confirmed.
2023-01-06T12:05:42.818670+0100|DEBUG|DistanceSensor: [minimum_distance_m: 1.0, maximum_distance_m: 500.0, current_distance_m: 32.0]
2023-01-06T12:05:42.822163+0100|INFO|Obstacle identified, line of sight cannot be confirmed.
2023-01-06T12:05:43.316373+0100|DEBUG|DistanceSensor: [minimum_distance_m: 1.0, maximum_distance_m: 500.0, current_distance_m: 59.0]
2023-01-06T12:05:43.319424+0100|INFO|Obstacle identified, line of sight cannot be confirmed.
2023-01-06T12:05:43.457073+0100|DEBUG|DistanceSensor: [minimum_distance_m: 1.0, maximum_distance_m: 500.0, current_distance_m: 48.0]
2023-01-06T12:05:43.459947+0100|INFO|Obstacle identified, line of sight cannot be confirmed.
2023-01-06T12:05:43.942435+0100|DEBUG|DistanceSensor: [minimum_distance_m: 1.0, maximum_distance_m: 500.0, current_distance_m: 55.0]
2023-01-06T12:05:43.945152+0100|INFO|Obstacle identified, line of sight cannot be confirmed.
2023-01-06T12:05:44.207440+0100|INFO|Mission progress: 0/1
2023-01-06T12:05:44.470845+0100|DEBUG|DistanceSensor: [minimum_distance_m: 1.0, maximum_distance_m: 500.0, current_distance_m: 65512.0]
2023-01-06T12:05:44.594500+0100|DEBUG|DistanceSensor: [minimum_distance_m: 1.0, maximum_distance_m: 500.0, current_distance_m: 65530.0]
2023-01-06T12:05:44.899036+0100|DEBUG|DistanceSensor: [minimum_distance_m: 1.0, maximum_distance_m: 500.0, current_distance_m: 35.0]
2023-01-06T12:05:44.902103+0100|INFO|Obstacle identified, line of sight cannot be confirmed.
2023-01-06T12:05:45.380772+0100|DEBUG|mast_recognition, is returning was false
2023-01-06T12:05:45.551634+0100|DEBUG|DistanceSensor: [minimum_distance_m: 1.0, maximum_distance_m: 500.0, current_distance_m: 26.0]
2023-01-06T12:05:45.554793+0100|INFO|Obstacle identified, line of sight cannot be confirmed.
2023-01-06T12:05:46.474297+0100|DEBUG|DistanceSensor: [minimum_distance_m: 1.0, maximum_distance_m: 500.0, current_distance_m: 90.0]
2023-01-06T12:05:46.477789+0100|INFO|Obstacle identified, line of sight cannot be confirmed.
2023-01-06T12:05:46.958043+0100|DEBUG|DistanceSensor: [minimum_distance_m: 1.0, maximum_distance_m: 500.0, current_distance_m: 81.0]
2023-01-06T12:05:46.960219+0100|INFO|Obstacle identified, line of sight cannot be confirmed.
2023-01-06T12:05:47.360791+0100|DEBUG|DistanceSensor: [minimum_distance_m: 1.0, maximum_distance_m: 500.0, current_distance_m: 97.0]
2023-01-06T12:05:47.363436+0100|INFO|Obstacle identified, line of sight cannot be confirmed.
2023-01-06T12:05:48.620620+0100|INFO|Mission progress: 0/1
2023-01-06T12:05:48.636988+0100|DEBUG|DistanceSensor: [minimum_distance_m: 1.0, maximum_distance_m: 500.0, current_distance_m: 101.0]
2023-01-06T12:05:48.639964+0100|INFO|Obstacle identified, line of sight cannot be confirmed.
2023-01-06T12:05:48.911803+0100|DEBUG|DistanceSensor: [minimum_distance_m: 1.0, maximum_distance_m: 500.0, current_distance_m: 105.0]
2023-01-06T12:05:48.914442+0100|INFO|Obstacle identified, line of sight cannot be confirmed.
2023-01-06T12:05:49.303532+0100|DEBUG|DistanceSensor: [minimum_distance_m: 1.0, maximum_distance_m: 500.0, current_distance_m: 159.0]
2023-01-06T12:05:49.305173+0100|INFO|Obstacle identified, line of sight cannot be confirmed.
2023-01-06T12:05:49.594180+0100|DEBUG|DistanceSensor: [minimum_distance_m: 1.0, maximum_distance_m: 500.0, current_distance_m: 162.0]
2023-01-06T12:05:49.596363+0100|INFO|Obstacle identified, line of sight cannot be confirmed.
2023-01-06T12:05:49.977108+0100|DEBUG|DistanceSensor: [minimum_distance_m: 1.0, maximum_distance_m: 500.0, current_distance_m: 174.0]
2023-01-06T12:05:49.980155+0100|INFO|Obstacle identified, line of sight cannot be confirmed.
2023-01-06T12:05:50.382534+0100|DEBUG|mast_recognition, is returning was false
2023-01-06T12:05:50.403134+0100|DEBUG|DistanceSensor: [minimum_distance_m: 1.0, maximum_distance_m: 500.0, current_distance_m: 164.0]
2023-01-06T12:05:50.406092+0100|INFO|Obstacle identified, line of sight cannot be confirmed.
2023-01-06T12:05:50.633104+0100|DEBUG|DistanceSensor: [minimum_distance_m: 1.0, maximum_distance_m: 500.0, current_distance_m: 170.0]
2023-01-06T12:05:50.636214+0100|INFO|Obstacle identified, line of sight cannot be confirmed.
2023-01-06T12:05:51.212067+0100|DEBUG|DistanceSensor: [minimum_distance_m: 1.0, maximum_distance_m: 500.0, current_distance_m: 132.0]
2023-01-06T12:05:51.214450+0100|INFO|Obstacle identified, line of sight cannot be confirmed.
2023-01-06T12:05:51.352628+0100|DEBUG|DistanceSensor: [minimum_distance_m: 1.0, maximum_distance_m: 500.0, current_distance_m: 138.0]
2023-01-06T12:05:51.355820+0100|INFO|Obstacle identified, line of sight cannot be confirmed.
2023-01-06T12:05:51.843971+0100|DEBUG|DistanceSensor: [minimum_distance_m: 1.0, maximum_distance_m: 500.0, current_distance_m: 137.0]
2023-01-06T12:05:51.846589+0100|INFO|Obstacle identified, line of sight cannot be confirmed.
2023-01-06T12:05:52.058758+0100|DEBUG|DistanceSensor: [minimum_distance_m: 1.0, maximum_distance_m: 500.0, current_distance_m: 117.0]
2023-01-06T12:05:52.062073+0100|INFO|Obstacle identified, line of sight cannot be confirmed.
2023-01-06T12:05:52.300588+0100|DEBUG|DistanceSensor: [minimum_distance_m: 1.0, maximum_distance_m: 500.0, current_distance_m: 149.0]
2023-01-06T12:05:52.304732+0100|INFO|Obstacle identified, line of sight cannot be confirmed.
2023-01-06T12:05:52.459830+0100|DEBUG|DistanceSensor: [minimum_distance_m: 1.0, maximum_distance_m: 500.0, current_distance_m: 48.0]
2023-01-06T12:05:52.463372+0100|INFO|Obstacle identified, line of sight cannot be confirmed.
2023-01-06T12:05:53.047135+0100|DEBUG|DistanceSensor: [minimum_distance_m: 1.0, maximum_distance_m: 500.0, current_distance_m: 163.0]
2023-01-06T12:05:53.049449+0100|INFO|Obstacle identified, line of sight cannot be confirmed.
2023-01-06T12:05:53.951979+0100|DEBUG|DistanceSensor: [minimum_distance_m: 1.0, maximum_distance_m: 500.0, current_distance_m: 171.0]
2023-01-06T12:05:53.954982+0100|INFO|Obstacle identified, line of sight cannot be confirmed.
2023-01-06T12:05:54.072686+0100|INFO|Mission progress: 0/1
2023-01-06T12:05:54.443920+0100|DEBUG|DistanceSensor: [minimum_distance_m: 1.0, maximum_distance_m: 500.0, current_distance_m: 190.0]
2023-01-06T12:05:54.447168+0100|INFO|Obstacle identified, line of sight cannot be confirmed.
2023-01-06T12:05:54.931016+0100|DEBUG|DistanceSensor: [minimum_distance_m: 1.0, maximum_distance_m: 500.0, current_distance_m: 175.0]
2023-01-06T12:05:54.934500+0100|INFO|Obstacle identified, line of sight cannot be confirmed.
2023-01-06T12:05:55.385257+0100|DEBUG|mast_recognition, is returning was false
2023-01-06T12:05:55.615233+0100|DEBUG|DistanceSensor: [minimum_distance_m: 1.0, maximum_distance_m: 500.0, current_distance_m: 246.0]
2023-01-06T12:05:55.617673+0100|INFO|Obstacle identified, line of sight cannot be confirmed.
2023-01-06T12:05:55.821862+0100|DEBUG|DistanceSensor: [minimum_distance_m: 1.0, maximum_distance_m: 500.0, current_distance_m: 265.0]
2023-01-06T12:05:56.326215+0100|DEBUG|DistanceSensor: [minimum_distance_m: 1.0, maximum_distance_m: 500.0, current_distance_m: 337.0]
2023-01-06T12:05:56.909298+0100|DEBUG|DistanceSensor: [minimum_distance_m: 1.0, maximum_distance_m: 500.0, current_distance_m: 402.0]
2023-01-06T12:05:57.505554+0100|DEBUG|DistanceSensor: [minimum_distance_m: 1.0, maximum_distance_m: 500.0, current_distance_m: 402.0]
2023-01-06T12:05:57.918779+0100|DEBUG|DistanceSensor: [minimum_distance_m: 1.0, maximum_distance_m: 500.0, current_distance_m: 402.0]
2023-01-06T12:05:58.384257+0100|INFO|Mission progress: 0/1
2023-01-06T12:05:58.404585+0100|DEBUG|DistanceSensor: [minimum_distance_m: 1.0, maximum_distance_m: 500.0, current_distance_m: 500.0]
