2023-01-13T09:44:33.627229+0100	| INFO	| run_mission.py:run:43 	- Waiting for drone to connect...>
2023-01-13T09:44:33.639862+0100	| INFO	| run_mission.py:run:46 	- Connected to drone!>
2023-01-13T09:44:33.640684+0100	| INFO	| run_mission.py:run:49 	- Waiting for drone to have a global position estimate...>
2023-01-13T09:44:41.378638+0100	| INFO	| run_mission.py:run:52 	- Global position estimate OK>
2023-01-13T09:44:41.408922+0100	| INFO	| run_mission.py:run:60 	- Arming>
2023-01-13T09:44:41.514057+0100	| INFO	| run_mission.py:run:97 	- Uploading mission 0>
2023-01-13T09:44:41.522898+0100	| DEBUG	| run_mission.py:do_mast_recognition:171 	- Mast recognition called>
2023-01-13T09:44:41.523323+0100	| DEBUG	| run_mission.py:do_mast_recognition:172 	- Has Found Mast: False>
2023-01-13T09:44:41.523481+0100	| INFO	| run_mission.py:do_mast_recognition:176 	- Taking image>
2023-01-13T09:44:41.596568+0100	| DEBUG	| run_mission.py:image_contains_mast:204 	- image_contains_mast called>
2023-01-13T09:44:42.819544+0100	| DEBUG	| run_mission.py:image_contains_mast:210 	- image_contains_mast returned False, confidence: 0.5964462757110596>
2023-01-13T09:44:42.820826+0100	| DEBUG	| run_mission.py:do_mast_recognition:190 	- Mast-check completed.>
2023-01-13T09:44:43.823341+0100	| INFO	| run_mission.py:run:102 	- Starting mission>
2023-01-13T09:44:43.846495+0100	| INFO	| run_mission.py:run:105 	- Now checking mast F2542G at 10.554784917159, 55.3743128282325>
2023-01-13T09:44:47.823854+0100	| INFO	| run_mission.py:do_mast_recognition:176 	- Taking image>
2023-01-13T09:44:47.838101+0100	| DEBUG	| run_mission.py:image_contains_mast:204 	- image_contains_mast called>
2023-01-13T09:44:48.264654+0100	| DEBUG	| run_mission.py:image_contains_mast:210 	- image_contains_mast returned False, confidence: 0.5385742783546448>
2023-01-13T09:44:48.265597+0100	| DEBUG	| run_mission.py:do_mast_recognition:190 	- Mast-check completed.>
2023-01-13T09:44:53.268369+0100	| INFO	| run_mission.py:do_mast_recognition:176 	- Taking image>
2023-01-13T09:44:53.282431+0100	| DEBUG	| run_mission.py:image_contains_mast:204 	- image_contains_mast called>
2023-01-13T09:44:53.690819+0100	| DEBUG	| run_mission.py:image_contains_mast:210 	- image_contains_mast returned False, confidence: 0.4950449466705322>
2023-01-13T09:44:53.691338+0100	| DEBUG	| run_mission.py:do_mast_recognition:190 	- Mast-check completed.>
2023-01-13T09:44:58.693879+0100	| INFO	| run_mission.py:do_mast_recognition:176 	- Taking image>
2023-01-13T09:44:58.708050+0100	| DEBUG	| run_mission.py:image_contains_mast:204 	- image_contains_mast called>
2023-01-13T09:44:59.111995+0100	| DEBUG	| run_mission.py:image_contains_mast:210 	- image_contains_mast returned False, confidence: 0.3940541744232178>
2023-01-13T09:44:59.112366+0100	| DEBUG	| run_mission.py:do_mast_recognition:190 	- Mast-check completed.>
2023-01-13T09:45:04.113851+0100	| INFO	| run_mission.py:do_mast_recognition:176 	- Taking image>
2023-01-13T09:45:04.131779+0100	| DEBUG	| run_mission.py:image_contains_mast:204 	- image_contains_mast called>
2023-01-13T09:45:04.538654+0100	| DEBUG	| run_mission.py:image_contains_mast:210 	- image_contains_mast returned False, confidence: 0.5726740956306458>
2023-01-13T09:45:04.539783+0100	| DEBUG	| run_mission.py:do_mast_recognition:190 	- Mast-check completed.>
2023-01-13T09:45:09.542363+0100	| INFO	| run_mission.py:do_mast_recognition:176 	- Taking image>
2023-01-13T09:45:09.558462+0100	| DEBUG	| run_mission.py:image_contains_mast:204 	- image_contains_mast called>
2023-01-13T09:45:10.024093+0100	| DEBUG	| run_mission.py:image_contains_mast:210 	- image_contains_mast returned False, confidence: 0.4138808250427246>
2023-01-13T09:45:10.024594+0100	| DEBUG	| run_mission.py:do_mast_recognition:190 	- Mast-check completed.>
2023-01-13T09:45:15.026866+0100	| INFO	| run_mission.py:do_mast_recognition:176 	- Taking image>
2023-01-13T09:45:15.041076+0100	| DEBUG	| run_mission.py:image_contains_mast:204 	- image_contains_mast called>
2023-01-13T09:45:15.470974+0100	| DEBUG	| run_mission.py:image_contains_mast:210 	- image_contains_mast returned False, confidence: 0.3036790192127228>
2023-01-13T09:45:15.472556+0100	| DEBUG	| run_mission.py:do_mast_recognition:190 	- Mast-check completed.>
2023-01-13T09:45:20.475392+0100	| INFO	| run_mission.py:do_mast_recognition:176 	- Taking image>
2023-01-13T09:45:20.487317+0100	| DEBUG	| run_mission.py:image_contains_mast:204 	- image_contains_mast called>
2023-01-13T09:45:20.940074+0100	| DEBUG	| run_mission.py:image_contains_mast:210 	- image_contains_mast returned False, confidence: 0.8802249431610107>
2023-01-13T09:45:20.940608+0100	| DEBUG	| run_mission.py:do_mast_recognition:190 	- Mast-check completed.>
2023-01-13T09:45:25.943146+0100	| INFO	| run_mission.py:do_mast_recognition:176 	- Taking image>
2023-01-13T09:45:25.951097+0100	| DEBUG	| run_mission.py:image_contains_mast:204 	- image_contains_mast called>
2023-01-13T09:45:26.391333+0100	| DEBUG	| run_mission.py:image_contains_mast:210 	- image_contains_mast returned False, confidence: 0.784095048904419>
2023-01-13T09:45:26.391757+0100	| DEBUG	| run_mission.py:do_mast_recognition:190 	- Mast-check completed.>
2023-01-13T09:45:31.394244+0100	| INFO	| run_mission.py:do_mast_recognition:176 	- Taking image>
2023-01-13T09:45:31.408772+0100	| DEBUG	| run_mission.py:image_contains_mast:204 	- image_contains_mast called>
2023-01-13T09:45:31.893368+0100	| DEBUG	| run_mission.py:image_contains_mast:210 	- image_contains_mast returned False, confidence: 0.5252331495285034>
2023-01-13T09:45:31.894253+0100	| DEBUG	| run_mission.py:do_mast_recognition:190 	- Mast-check completed.>
2023-01-13T09:45:36.896259+0100	| INFO	| run_mission.py:do_mast_recognition:176 	- Taking image>
2023-01-13T09:45:36.907710+0100	| DEBUG	| run_mission.py:image_contains_mast:204 	- image_contains_mast called>
2023-01-13T09:45:37.274959+0100	| DEBUG	| run_mission.py:image_contains_mast:210 	- image_contains_mast returned False, confidence: 0.4342614710330963>
2023-01-13T09:45:37.275376+0100	| DEBUG	| run_mission.py:do_mast_recognition:190 	- Mast-check completed.>
2023-01-13T09:45:42.278905+0100	| INFO	| run_mission.py:do_mast_recognition:176 	- Taking image>
2023-01-13T09:45:42.292678+0100	| DEBUG	| run_mission.py:image_contains_mast:204 	- image_contains_mast called>
2023-01-13T09:45:42.734377+0100	| DEBUG	| run_mission.py:image_contains_mast:210 	- image_contains_mast returned False, confidence: 0.45940664410591125>
2023-01-13T09:45:42.734805+0100	| DEBUG	| run_mission.py:do_mast_recognition:190 	- Mast-check completed.>
2023-01-13T09:45:47.736185+0100	| INFO	| run_mission.py:do_mast_recognition:176 	- Taking image>
2023-01-13T09:45:47.749996+0100	| DEBUG	| run_mission.py:image_contains_mast:204 	- image_contains_mast called>
2023-01-13T09:45:48.229713+0100	| DEBUG	| run_mission.py:image_contains_mast:210 	- image_contains_mast returned False, confidence: 0.19822704792022705>
2023-01-13T09:45:48.230265+0100	| DEBUG	| run_mission.py:do_mast_recognition:190 	- Mast-check completed.>
2023-01-13T09:45:53.233014+0100	| INFO	| run_mission.py:do_mast_recognition:176 	- Taking image>
2023-01-13T09:45:53.247278+0100	| DEBUG	| run_mission.py:image_contains_mast:204 	- image_contains_mast called>
2023-01-13T09:45:53.630302+0100	| DEBUG	| run_mission.py:image_contains_mast:210 	- image_contains_mast returned False, confidence: 0.18928901851177216>
2023-01-13T09:45:53.630855+0100	| DEBUG	| run_mission.py:do_mast_recognition:190 	- Mast-check completed.>
2023-01-13T09:45:58.633945+0100	| INFO	| run_mission.py:do_mast_recognition:176 	- Taking image>
2023-01-13T09:45:58.647112+0100	| DEBUG	| run_mission.py:image_contains_mast:204 	- image_contains_mast called>
2023-01-13T09:45:59.102653+0100	| DEBUG	| run_mission.py:image_contains_mast:210 	- image_contains_mast returned False, confidence: 0.17577746510505676>
2023-01-13T09:45:59.103068+0100	| DEBUG	| run_mission.py:do_mast_recognition:190 	- Mast-check completed.>
2023-01-13T09:46:04.105529+0100	| INFO	| run_mission.py:do_mast_recognition:176 	- Taking image>
2023-01-13T09:46:04.114959+0100	| DEBUG	| run_mission.py:image_contains_mast:204 	- image_contains_mast called>
2023-01-13T09:46:04.511127+0100	| DEBUG	| run_mission.py:image_contains_mast:210 	- image_contains_mast returned False, confidence: 0.08721787482500076>
2023-01-13T09:46:04.511774+0100	| DEBUG	| run_mission.py:do_mast_recognition:190 	- Mast-check completed.>
2023-01-13T09:46:09.514186+0100	| INFO	| run_mission.py:do_mast_recognition:176 	- Taking image>
2023-01-13T09:46:09.525779+0100	| DEBUG	| run_mission.py:image_contains_mast:204 	- image_contains_mast called>
2023-01-13T09:46:09.895592+0100	| DEBUG	| run_mission.py:image_contains_mast:210 	- image_contains_mast returned False, confidence: 0.15156297385692596>
2023-01-13T09:46:09.896164+0100	| DEBUG	| run_mission.py:do_mast_recognition:190 	- Mast-check completed.>
2023-01-13T09:46:14.898681+0100	| INFO	| run_mission.py:do_mast_recognition:176 	- Taking image>
2023-01-13T09:46:14.907965+0100	| DEBUG	| run_mission.py:image_contains_mast:204 	- image_contains_mast called>
2023-01-13T09:46:15.246334+0100	| DEBUG	| run_mission.py:image_contains_mast:210 	- image_contains_mast returned False, confidence: 0.10285640507936478>
2023-01-13T09:46:15.246808+0100	| DEBUG	| run_mission.py:do_mast_recognition:190 	- Mast-check completed.>
2023-01-13T09:46:20.248037+0100	| INFO	| run_mission.py:do_mast_recognition:176 	- Taking image>
2023-01-13T09:46:20.259244+0100	| DEBUG	| run_mission.py:image_contains_mast:204 	- image_contains_mast called>
2023-01-13T09:46:20.757322+0100	| DEBUG	| run_mission.py:image_contains_mast:210 	- image_contains_mast returned False, confidence: 0.26389992237091064>
2023-01-13T09:46:20.757818+0100	| DEBUG	| run_mission.py:do_mast_recognition:190 	- Mast-check completed.>
2023-01-13T09:46:25.760413+0100	| INFO	| run_mission.py:do_mast_recognition:176 	- Taking image>
2023-01-13T09:46:25.768494+0100	| DEBUG	| run_mission.py:image_contains_mast:204 	- image_contains_mast called>
2023-01-13T09:46:26.146294+0100	| DEBUG	| run_mission.py:image_contains_mast:210 	- image_contains_mast returned False, confidence: 0.13805094361305237>
2023-01-13T09:46:26.146670+0100	| DEBUG	| run_mission.py:do_mast_recognition:190 	- Mast-check completed.>
2023-01-13T09:46:31.149465+0100	| INFO	| run_mission.py:do_mast_recognition:176 	- Taking image>
2023-01-13T09:46:31.164703+0100	| DEBUG	| run_mission.py:image_contains_mast:204 	- image_contains_mast called>
2023-01-13T09:46:31.548454+0100	| DEBUG	| run_mission.py:image_contains_mast:210 	- image_contains_mast returned False, confidence: 0.605599582195282>
2023-01-13T09:46:31.549276+0100	| DEBUG	| run_mission.py:do_mast_recognition:190 	- Mast-check completed.>
2023-01-13T09:46:36.552257+0100	| INFO	| run_mission.py:do_mast_recognition:176 	- Taking image>
2023-01-13T09:46:36.562457+0100	| DEBUG	| run_mission.py:image_contains_mast:204 	- image_contains_mast called>
2023-01-13T09:46:36.998154+0100	| DEBUG	| run_mission.py:image_contains_mast:210 	- image_contains_mast returned False, confidence: 0.13632680475711823>
2023-01-13T09:46:36.998542+0100	| DEBUG	| run_mission.py:do_mast_recognition:190 	- Mast-check completed.>
