2023-01-06T11:54:21.764084+0100|INFO|Waiting for drone to connect...
2023-01-06T11:54:21.777323+0100|INFO|Connected to drone!
2023-01-06T11:54:21.778345+0100|INFO|Waiting for drone to have a global position estimate...
2023-01-06T11:54:27.351610+0100|INFO|Global position estimate OK
2023-01-06T11:54:27.373917+0100|INFO|Arming
2023-01-06T11:54:27.480822+0100|INFO|Uploading mission 0
2023-01-06T11:54:27.485689+0100|DEBUG|Mast recognition called
2023-01-06T11:54:27.486750+0100|DEBUG|Has Found Mast: False
2023-01-06T11:54:27.487197+0100|DEBUG|Taking image
2023-01-06T11:54:27.487813+0100|DEBUG|Took image
2023-01-06T11:54:27.559579+0100|DEBUG|image_contains_mast called
2023-01-06T11:54:28.470875+0100|DEBUG|image_contains_mast returned False, confidence: 
2023-01-06T11:54:28.471328+0100|DEBUG|Did mast check
2023-01-06T11:54:28.472514+0100|INFO|Mission progress: 0/1
2023-01-06T11:54:29.473998+0100|INFO|Starting mission
2023-01-06T11:54:29.503050+0100|INFO|Now checking mast F2542G at 10.554784917159, 55.3743128282325
2023-01-06T11:54:30.555825+0100|INFO|Mission progress: 0/1
2023-01-06T11:54:33.472842+0100|DEBUG|Taking image
2023-01-06T11:54:33.473739+0100|DEBUG|Took image
2023-01-06T11:54:33.486759+0100|DEBUG|image_contains_mast called
2023-01-06T11:54:33.895644+0100|DEBUG|image_contains_mast returned False, confidence: 
2023-01-06T11:54:33.896291+0100|DEBUG|Did mast check
2023-01-06T11:54:34.768479+0100|INFO|Mission progress: 0/1
2023-01-06T11:54:38.897755+0100|DEBUG|Taking image
2023-01-06T11:54:38.898327+0100|DEBUG|Took image
2023-01-06T11:54:38.912549+0100|DEBUG|image_contains_mast called
2023-01-06T11:54:39.243609+0100|DEBUG|image_contains_mast returned False, confidence: 
2023-01-06T11:54:39.244079+0100|DEBUG|Did mast check
2023-01-06T11:54:41.196101+0100|INFO|Mission progress: 0/1
2023-01-06T11:54:44.245867+0100|DEBUG|Taking image
2023-01-06T11:54:44.246338+0100|DEBUG|Took image
2023-01-06T11:54:44.255312+0100|DEBUG|image_contains_mast called
2023-01-06T11:54:44.620411+0100|DEBUG|image_contains_mast returned False, confidence: 
2023-01-06T11:54:44.620936+0100|DEBUG|Did mast check
2023-01-06T11:54:44.678857+0100|INFO|Mission progress: 0/1
2023-01-06T11:54:48.200878+0100|INFO|Mission progress: 0/1
2023-01-06T11:54:49.622315+0100|DEBUG|Taking image
2023-01-06T11:54:49.622761+0100|DEBUG|Took image
2023-01-06T11:54:49.634010+0100|DEBUG|image_contains_mast called
2023-01-06T11:54:50.059855+0100|DEBUG|image_contains_mast returned False, confidence: 
2023-01-06T11:54:50.060551+0100|DEBUG|Did mast check
2023-01-06T11:54:51.790720+0100|INFO|Mission progress: 0/1
2023-01-06T11:54:55.062641+0100|DEBUG|Taking image
2023-01-06T11:54:55.063114+0100|DEBUG|Took image
2023-01-06T11:54:55.072517+0100|DEBUG|image_contains_mast called
2023-01-06T11:54:55.463654+0100|DEBUG|image_contains_mast returned False, confidence: 
2023-01-06T11:54:55.464393+0100|DEBUG|Did mast check
2023-01-06T11:54:56.217065+0100|INFO|Mission progress: 0/1
2023-01-06T11:54:59.734532+0100|INFO|Mission progress: 0/1
2023-01-06T11:55:00.465818+0100|DEBUG|Taking image
2023-01-06T11:55:00.466418+0100|DEBUG|Took image
2023-01-06T11:55:00.479362+0100|DEBUG|image_contains_mast called
2023-01-06T11:55:00.884613+0100|DEBUG|image_contains_mast returned False, confidence: 
2023-01-06T11:55:00.885145+0100|DEBUG|Did mast check
2023-01-06T11:55:03.256058+0100|INFO|Mission progress: 0/1
2023-01-06T11:55:05.887386+0100|DEBUG|Taking image
2023-01-06T11:55:05.887914+0100|DEBUG|Took image
2023-01-06T11:55:05.899824+0100|DEBUG|image_contains_mast called
2023-01-06T11:55:06.262684+0100|DEBUG|image_contains_mast returned False, confidence: 
2023-01-06T11:55:06.263165+0100|DEBUG|Did mast check
2023-01-06T11:55:06.948316+0100|INFO|Mission progress: 0/1
2023-01-06T11:55:10.193208+0100|INFO|Mission progress: 0/1
2023-01-06T11:55:11.265146+0100|DEBUG|Taking image
2023-01-06T11:55:11.265894+0100|DEBUG|Took image
2023-01-06T11:55:11.274451+0100|DEBUG|image_contains_mast called
2023-01-06T11:55:11.629334+0100|DEBUG|image_contains_mast returned False, confidence: 
2023-01-06T11:55:11.630419+0100|DEBUG|Did mast check
2023-01-06T11:55:14.079289+0100|INFO|Mission progress: 0/1
2023-01-06T11:55:16.632217+0100|DEBUG|Taking image
2023-01-06T11:55:16.632677+0100|DEBUG|Took image
2023-01-06T11:55:16.642248+0100|DEBUG|image_contains_mast called
2023-01-06T11:55:17.009184+0100|DEBUG|image_contains_mast returned False, confidence: 
2023-01-06T11:55:17.009943+0100|DEBUG|Did mast check
2023-01-06T11:55:18.317995+0100|INFO|Mission progress: 0/1
2023-01-06T11:55:22.011967+0100|DEBUG|Taking image
2023-01-06T11:55:22.012479+0100|DEBUG|Took image
2023-01-06T11:55:22.020592+0100|DEBUG|image_contains_mast called
2023-01-06T11:55:22.384105+0100|DEBUG|image_contains_mast returned False, confidence: 
2023-01-06T11:55:22.384619+0100|DEBUG|Did mast check
2023-01-06T11:55:25.491542+0100|INFO|Mission progress: 0/1
2023-01-06T11:55:27.386054+0100|DEBUG|Taking image
2023-01-06T11:55:27.386620+0100|DEBUG|Took image
2023-01-06T11:55:27.395643+0100|DEBUG|image_contains_mast called
2023-01-06T11:55:27.781300+0100|DEBUG|image_contains_mast returned False, confidence: 
2023-01-06T11:55:27.782120+0100|DEBUG|Did mast check
2023-01-06T11:55:28.968782+0100|INFO|Mission progress: 0/1
2023-01-06T11:55:32.783365+0100|DEBUG|Taking image
2023-01-06T11:55:32.783817+0100|DEBUG|Took image
2023-01-06T11:55:32.791750+0100|DEBUG|image_contains_mast called
2023-01-06T11:55:33.111543+0100|DEBUG|image_contains_mast returned False, confidence: 
2023-01-06T11:55:33.112977+0100|DEBUG|Did mast check
2023-01-06T11:55:33.245786+0100|INFO|Mission progress: 0/1
2023-01-06T11:55:38.115971+0100|DEBUG|Taking image
2023-01-06T11:55:38.116568+0100|DEBUG|Took image
2023-01-06T11:55:38.130160+0100|DEBUG|image_contains_mast called
2023-01-06T11:55:38.555569+0100|DEBUG|image_contains_mast returned False, confidence: 
2023-01-06T11:55:38.556169+0100|DEBUG|Did mast check
2023-01-06T11:55:38.556940+0100|INFO|Mission progress: 0/1
2023-01-06T11:55:41.822664+0100|INFO|Mission progress: 0/1
2023-01-06T11:55:43.558012+0100|DEBUG|Taking image
2023-01-06T11:55:43.558547+0100|DEBUG|Took image
2023-01-06T11:55:43.567951+0100|DEBUG|image_contains_mast called
2023-01-06T11:55:44.012298+0100|DEBUG|image_contains_mast returned False, confidence: 
2023-01-06T11:55:44.013428+0100|DEBUG|Did mast check
2023-01-06T11:55:47.027016+0100|INFO|Mission progress: 0/1
2023-01-06T11:55:49.016288+0100|DEBUG|Taking image
2023-01-06T11:55:49.016928+0100|DEBUG|Took image
2023-01-06T11:55:49.027151+0100|DEBUG|image_contains_mast called
2023-01-06T11:55:49.452425+0100|DEBUG|image_contains_mast returned False, confidence: 
2023-01-06T11:55:49.454002+0100|DEBUG|Did mast check
2023-01-06T11:55:50.658965+0100|INFO|Mission progress: 0/1
2023-01-06T11:55:54.455979+0100|DEBUG|Taking image
2023-01-06T11:55:54.456657+0100|DEBUG|Took image
2023-01-06T11:55:54.468630+0100|DEBUG|image_contains_mast called
2023-01-06T11:55:54.914601+0100|DEBUG|image_contains_mast returned False, confidence: 
2023-01-06T11:55:54.915191+0100|DEBUG|Did mast check
2023-01-06T11:55:54.916582+0100|INFO|Mission progress: 0/1
2023-01-06T11:55:59.120901+0100|INFO|Mission progress: 0/1
2023-01-06T11:55:59.917147+0100|DEBUG|Taking image
2023-01-06T11:55:59.918165+0100|DEBUG|Took image
2023-01-06T11:55:59.940981+0100|DEBUG|image_contains_mast called
2023-01-06T11:56:00.295131+0100|DEBUG|image_contains_mast returned False, confidence: 
2023-01-06T11:56:00.295622+0100|DEBUG|Did mast check
2023-01-06T11:56:03.712977+0100|INFO|Mission progress: 0/1
2023-01-06T11:56:05.297760+0100|DEBUG|Taking image
2023-01-06T11:56:05.298282+0100|DEBUG|Took image
2023-01-06T11:56:05.305293+0100|DEBUG|image_contains_mast called
2023-01-06T11:56:05.819596+0100|DEBUG|image_contains_mast returned False, confidence: 
2023-01-06T11:56:05.820708+0100|DEBUG|Did mast check
2023-01-06T11:56:07.471212+0100|INFO|Mission progress: 0/1
2023-01-06T11:56:10.822796+0100|DEBUG|Taking image
2023-01-06T11:56:10.823331+0100|DEBUG|Took image
2023-01-06T11:56:10.832809+0100|DEBUG|image_contains_mast called
2023-01-06T11:56:11.209304+0100|DEBUG|image_contains_mast returned False, confidence: 
2023-01-06T11:56:11.209976+0100|DEBUG|Did mast check
2023-01-06T11:56:11.210924+0100|INFO|Mission progress: 0/1
2023-01-06T11:56:15.361958+0100|INFO|Mission progress: 0/1
2023-01-06T11:56:16.212860+0100|DEBUG|Taking image
2023-01-06T11:56:16.213384+0100|DEBUG|Took image
2023-01-06T11:56:16.220382+0100|DEBUG|image_contains_mast called
2023-01-06T11:56:16.516071+0100|DEBUG|image_contains_mast returned False, confidence: 
2023-01-06T11:56:16.516584+0100|DEBUG|Did mast check
2023-01-06T11:56:18.123489+0100|INFO|Mission progress: 0/1
2023-01-06T11:56:21.517950+0100|DEBUG|Taking image
2023-01-06T11:56:21.518589+0100|DEBUG|Took image
2023-01-06T11:56:21.528543+0100|DEBUG|image_contains_mast called
2023-01-06T11:56:21.922164+0100|DEBUG|image_contains_mast returned False, confidence: 
2023-01-06T11:56:21.923157+0100|DEBUG|Did mast check
2023-01-06T11:56:22.569958+0100|INFO|Mission progress: 0/1
2023-01-06T11:56:26.283918+0100|INFO|Mission progress: 0/1
2023-01-06T11:56:26.924927+0100|DEBUG|Taking image
2023-01-06T11:56:26.925472+0100|DEBUG|Took image
2023-01-06T11:56:26.937356+0100|DEBUG|image_contains_mast called
2023-01-06T11:56:27.258320+0100|DEBUG|image_contains_mast returned False, confidence: 
2023-01-06T11:56:27.258977+0100|DEBUG|Did mast check
2023-01-06T11:56:29.883448+0100|INFO|Mission progress: 0/1
2023-01-06T11:56:32.263145+0100|DEBUG|Taking image
2023-01-06T11:56:32.263824+0100|DEBUG|Took image
2023-01-06T11:56:32.272043+0100|DEBUG|image_contains_mast called
2023-01-06T11:56:32.718312+0100|DEBUG|image_contains_mast returned False, confidence: 
2023-01-06T11:56:32.719806+0100|DEBUG|Did mast check
2023-01-06T11:56:33.395174+0100|INFO|Mission progress: 0/1
2023-01-06T11:56:36.479010+0100|INFO|Mission progress: 0/1
2023-01-06T11:56:37.725058+0100|DEBUG|Taking image
2023-01-06T11:56:37.725895+0100|DEBUG|Took image
2023-01-06T11:56:37.740104+0100|DEBUG|image_contains_mast called
2023-01-06T11:56:38.114220+0100|DEBUG|image_contains_mast returned False, confidence: 
2023-01-06T11:56:38.114702+0100|DEBUG|Did mast check
2023-01-06T11:56:41.777209+0100|INFO|Mission progress: 0/1
2023-01-06T11:56:43.116687+0100|DEBUG|Taking image
2023-01-06T11:56:43.117141+0100|DEBUG|Took image
2023-01-06T11:56:43.126054+0100|DEBUG|image_contains_mast called
2023-01-06T11:56:43.487800+0100|DEBUG|image_contains_mast returned False, confidence: 
2023-01-06T11:56:43.488291+0100|DEBUG|Did mast check
2023-01-06T11:56:48.489628+0100|DEBUG|Taking image
2023-01-06T11:56:48.490108+0100|DEBUG|Took image
2023-01-06T11:56:48.502832+0100|DEBUG|image_contains_mast called
2023-01-06T11:56:48.920963+0100|DEBUG|image_contains_mast returned False, confidence: 
2023-01-06T11:56:48.921642+0100|DEBUG|Did mast check
2023-01-06T11:56:53.614941+0100|INFO|Mission progress: 0/1
2023-01-06T11:56:53.924328+0100|DEBUG|Taking image
2023-01-06T11:56:53.924878+0100|DEBUG|Took image
2023-01-06T11:56:53.931841+0100|DEBUG|image_contains_mast called
2023-01-06T11:56:54.241334+0100|DEBUG|image_contains_mast returned False, confidence: 
2023-01-06T11:56:54.242079+0100|DEBUG|Did mast check
2023-01-06T11:56:58.075132+0100|INFO|Mission progress: 0/1
2023-01-06T11:56:59.243395+0100|DEBUG|Taking image
2023-01-06T11:56:59.244020+0100|DEBUG|Took image
2023-01-06T11:56:59.252500+0100|DEBUG|image_contains_mast called
2023-01-06T11:56:59.637292+0100|DEBUG|image_contains_mast returned False, confidence: 
2023-01-06T11:56:59.638016+0100|DEBUG|Did mast check
2023-01-06T11:57:02.745303+0100|INFO|Mission progress: 0/1
2023-01-06T11:57:04.639646+0100|DEBUG|Taking image
2023-01-06T11:57:04.640128+0100|DEBUG|Took image
2023-01-06T11:57:04.648931+0100|DEBUG|image_contains_mast called
2023-01-06T11:57:05.025964+0100|DEBUG|image_contains_mast returned False, confidence: 
2023-01-06T11:57:05.026761+0100|DEBUG|Did mast check
2023-01-06T11:57:06.260356+0100|INFO|Mission progress: 0/1
2023-01-06T11:57:09.753692+0100|INFO|Mission progress: 0/1
2023-01-06T11:57:10.028136+0100|DEBUG|Taking image
2023-01-06T11:57:10.028718+0100|DEBUG|Took image
2023-01-06T11:57:10.038455+0100|DEBUG|image_contains_mast called
2023-01-06T11:57:10.416707+0100|DEBUG|image_contains_mast returned False, confidence: 
2023-01-06T11:57:10.417224+0100|DEBUG|Did mast check
2023-01-06T11:57:15.421123+0100|DEBUG|Taking image
2023-01-06T11:57:15.422024+0100|DEBUG|Took image
2023-01-06T11:57:15.432498+0100|DEBUG|image_contains_mast called
2023-01-06T11:57:15.756036+0100|DEBUG|image_contains_mast returned False, confidence: 
2023-01-06T11:57:15.756728+0100|DEBUG|Did mast check
2023-01-06T11:57:17.105693+0100|INFO|Mission progress: 0/1
2023-01-06T11:57:20.760529+0100|DEBUG|Taking image
2023-01-06T11:57:20.761046+0100|DEBUG|Took image
2023-01-06T11:57:20.769541+0100|DEBUG|image_contains_mast called
2023-01-06T11:57:21.092171+0100|DEBUG|image_contains_mast returned False, confidence: 
2023-01-06T11:57:21.092880+0100|DEBUG|Did mast check
2023-01-06T11:57:22.343393+0100|INFO|Mission progress: 0/1
2023-01-06T11:57:25.410236+0100|INFO|Mission progress: 0/1
2023-01-06T11:57:26.095900+0100|DEBUG|Taking image
2023-01-06T11:57:26.096463+0100|DEBUG|Took image
2023-01-06T11:57:26.106359+0100|DEBUG|image_contains_mast called
2023-01-06T11:57:26.460964+0100|DEBUG|image_contains_mast returned False, confidence: 
2023-01-06T11:57:26.461849+0100|DEBUG|Did mast check
2023-01-06T11:57:29.183963+0100|INFO|Mission progress: 0/1
2023-01-06T11:57:31.464817+0100|DEBUG|Taking image
2023-01-06T11:57:31.465865+0100|DEBUG|Took image
2023-01-06T11:57:31.472778+0100|DEBUG|image_contains_mast called
2023-01-06T11:57:31.882308+0100|DEBUG|image_contains_mast returned False, confidence: 
2023-01-06T11:57:31.882982+0100|DEBUG|Did mast check
2023-01-06T11:57:33.428243+0100|INFO|Mission progress: 0/1
2023-01-06T11:57:36.059087+0100|INFO|Mission progress: 0/1
2023-01-06T11:57:36.885359+0100|DEBUG|Taking image
2023-01-06T11:57:36.886360+0100|DEBUG|Took image
2023-01-06T11:57:36.893735+0100|DEBUG|image_contains_mast called
2023-01-06T11:57:37.263729+0100|DEBUG|image_contains_mast returned False, confidence: 
2023-01-06T11:57:37.264469+0100|DEBUG|Did mast check
2023-01-06T11:57:40.231669+0100|INFO|Mission progress: 0/1
2023-01-06T11:57:42.267095+0100|DEBUG|Taking image
2023-01-06T11:57:42.267610+0100|DEBUG|Took image
2023-01-06T11:57:42.278668+0100|DEBUG|image_contains_mast called
2023-01-06T11:57:42.672020+0100|DEBUG|image_contains_mast returned False, confidence: 
2023-01-06T11:57:42.673094+0100|DEBUG|Did mast check
2023-01-06T11:57:44.402678+0100|INFO|Mission progress: 0/1
2023-01-06T11:57:47.677790+0100|DEBUG|Taking image
2023-01-06T11:57:47.678429+0100|DEBUG|Took image
2023-01-06T11:57:47.688541+0100|DEBUG|image_contains_mast called
2023-01-06T11:57:48.100631+0100|DEBUG|image_contains_mast returned False, confidence: 
2023-01-06T11:57:48.101650+0100|DEBUG|Did mast check
2023-01-06T11:57:48.347272+0100|INFO|Mission progress: 0/1
2023-01-06T11:57:51.406207+0100|INFO|Mission progress: 0/1
2023-01-06T11:57:53.104254+0100|DEBUG|Taking image
2023-01-06T11:57:53.104741+0100|DEBUG|Took image
2023-01-06T11:57:53.118545+0100|DEBUG|image_contains_mast called
2023-01-06T11:57:53.516242+0100|DEBUG|image_contains_mast returned False, confidence: 
2023-01-06T11:57:53.516728+0100|DEBUG|Did mast check
2023-01-06T11:57:55.180143+0100|INFO|Mission progress: 0/1
2023-01-06T11:57:58.517991+0100|DEBUG|Taking image
2023-01-06T11:57:58.518483+0100|DEBUG|Took image
2023-01-06T11:57:58.528886+0100|DEBUG|image_contains_mast called
2023-01-06T11:57:58.922077+0100|DEBUG|image_contains_mast returned False, confidence: 
2023-01-06T11:57:58.922895+0100|DEBUG|Did mast check
2023-01-06T11:57:58.983012+0100|INFO|Mission progress: 0/1
2023-01-06T11:58:03.072969+0100|INFO|Mission progress: 0/1
2023-01-06T11:58:03.924404+0100|DEBUG|Taking image
2023-01-06T11:58:03.924884+0100|DEBUG|Took image
2023-01-06T11:58:03.932973+0100|DEBUG|image_contains_mast called
2023-01-06T11:58:04.406612+0100|DEBUG|image_contains_mast returned False, confidence: 
2023-01-06T11:58:04.408780+0100|DEBUG|Did mast check
2023-01-06T11:58:07.303902+0100|INFO|Mission progress: 0/1
2023-01-06T11:58:09.411567+0100|DEBUG|Taking image
2023-01-06T11:58:09.412033+0100|DEBUG|Took image
2023-01-06T11:58:09.421910+0100|DEBUG|image_contains_mast called
2023-01-06T11:58:09.843761+0100|DEBUG|image_contains_mast returned False, confidence: 
2023-01-06T11:58:09.844414+0100|DEBUG|Did mast check
2023-01-06T11:58:10.494850+0100|INFO|Mission progress: 0/1
2023-01-06T11:58:14.022129+0100|INFO|Mission progress: 0/1
2023-01-06T11:58:14.846885+0100|DEBUG|Taking image
2023-01-06T11:58:14.847331+0100|DEBUG|Took image
2023-01-06T11:58:14.857167+0100|DEBUG|image_contains_mast called
2023-01-06T11:58:15.216502+0100|DEBUG|image_contains_mast returned False, confidence: 
2023-01-06T11:58:15.217091+0100|DEBUG|Did mast check
2023-01-06T11:58:18.602418+0100|INFO|Mission progress: 0/1
2023-01-06T11:58:20.219102+0100|DEBUG|Taking image
2023-01-06T11:58:20.219564+0100|DEBUG|Took image
2023-01-06T11:58:20.232723+0100|DEBUG|image_contains_mast called
2023-01-06T11:58:20.558292+0100|DEBUG|image_contains_mast returned False, confidence: 
2023-01-06T11:58:20.558929+0100|DEBUG|Did mast check
2023-01-06T11:58:21.680328+0100|INFO|Mission progress: 0/1
2023-01-06T11:58:25.561698+0100|DEBUG|Taking image
2023-01-06T11:58:25.562319+0100|DEBUG|Took image
2023-01-06T11:58:25.569868+0100|DEBUG|image_contains_mast called
2023-01-06T11:58:25.942128+0100|DEBUG|image_contains_mast returned False, confidence: 
2023-01-06T11:58:25.942615+0100|DEBUG|Did mast check
2023-01-06T11:58:25.943227+0100|INFO|Mission progress: 0/1
2023-01-06T11:58:30.407541+0100|INFO|Mission progress: 0/1
2023-01-06T11:58:30.944622+0100|DEBUG|Taking image
2023-01-06T11:58:30.945144+0100|DEBUG|Took image
2023-01-06T11:58:30.953151+0100|DEBUG|image_contains_mast called
2023-01-06T11:58:31.300654+0100|DEBUG|image_contains_mast returned False, confidence: 
2023-01-06T11:58:31.301329+0100|DEBUG|Did mast check
2023-01-06T11:58:33.995033+0100|INFO|Mission progress: 0/1
2023-01-06T11:58:36.303403+0100|DEBUG|Taking image
2023-01-06T11:58:36.303914+0100|DEBUG|Took image
2023-01-06T11:58:36.310707+0100|DEBUG|image_contains_mast called
2023-01-06T11:58:36.680021+0100|DEBUG|image_contains_mast returned False, confidence: 
2023-01-06T11:58:36.680574+0100|DEBUG|Did mast check
2023-01-06T11:58:37.627008+0100|INFO|Mission progress: 0/1
2023-01-06T11:58:41.312049+0100|INFO|Mission progress: 0/1
2023-01-06T11:58:41.682129+0100|DEBUG|Taking image
2023-01-06T11:58:41.682718+0100|DEBUG|Took image
2023-01-06T11:58:41.689928+0100|DEBUG|image_contains_mast called
2023-01-06T11:58:42.126345+0100|DEBUG|image_contains_mast returned False, confidence: 
2023-01-06T11:58:42.127075+0100|DEBUG|Did mast check
2023-01-06T11:58:45.233562+0100|INFO|Mission progress: 0/1
2023-01-06T11:58:47.128924+0100|DEBUG|Taking image
2023-01-06T11:58:47.129557+0100|DEBUG|Took image
2023-01-06T11:58:47.136751+0100|DEBUG|image_contains_mast called
2023-01-06T11:58:47.514289+0100|DEBUG|image_contains_mast returned False, confidence: 
2023-01-06T11:58:47.515464+0100|DEBUG|Did mast check
2023-01-06T11:58:49.994999+0100|INFO|Mission progress: 0/1
2023-01-06T11:58:51.964643+0100|INFO|Obstacle identified, line of sight cannot be confirmed.
2023-01-06T11:58:52.518243+0100|DEBUG|Taking image
2023-01-06T11:58:52.518788+0100|DEBUG|Took image
2023-01-06T11:58:52.525997+0100|DEBUG|image_contains_mast called
2023-01-06T11:58:52.925268+0100|DEBUG|image_contains_mast returned False, confidence: 
2023-01-06T11:58:52.926100+0100|DEBUG|Did mast check
2023-01-06T11:58:52.927666+0100|INFO|Clearing current mission
2023-01-06T11:58:52.933062+0100|INFO|Obstacle identified, line of sight cannot be confirmed.
2023-01-06T11:58:53.034577+0100|INFO|Obstacle identified, line of sight cannot be confirmed.
2023-01-06T11:58:53.042104+0100|INFO|Returning to base
2023-01-06T11:58:53.523096+0100|INFO|Mission progress: 0/1
2023-01-06T11:58:53.526415+0100|INFO|Obstacle identified, line of sight cannot be confirmed.
2023-01-06T11:58:54.096533+0100|INFO|Mission progress: 0/1
2023-01-06T11:58:54.497171+0100|INFO|Obstacle identified, line of sight cannot be confirmed.
2023-01-06T11:58:55.093912+0100|INFO|Obstacle identified, line of sight cannot be confirmed.
2023-01-06T11:58:55.187657+0100|INFO|Obstacle identified, line of sight cannot be confirmed.
2023-01-06T11:58:55.666634+0100|INFO|Obstacle identified, line of sight cannot be confirmed.
2023-01-06T11:58:56.234212+0100|INFO|Obstacle identified, line of sight cannot be confirmed.
2023-01-06T11:58:57.002080+0100|INFO|Obstacle identified, line of sight cannot be confirmed.
2023-01-06T11:58:57.375500+0100|INFO|Obstacle identified, line of sight cannot be confirmed.
2023-01-06T11:58:57.650622+0100|INFO|Obstacle identified, line of sight cannot be confirmed.
2023-01-06T11:58:57.927980+0100|DEBUG|mast_recognition, is returning was false
2023-01-06T11:58:58.390773+0100|INFO|Mission progress: 0/1
2023-01-06T11:58:58.516089+0100|INFO|Obstacle identified, line of sight cannot be confirmed.
2023-01-06T11:58:58.994410+0100|INFO|Obstacle identified, line of sight cannot be confirmed.
2023-01-06T11:58:59.879607+0100|INFO|Obstacle identified, line of sight cannot be confirmed.
2023-01-06T11:59:02.929910+0100|DEBUG|mast_recognition, is returning was false
2023-01-06T11:59:03.556839+0100|INFO|Mission progress: 0/1
2023-01-06T11:59:07.931956+0100|DEBUG|mast_recognition, is returning was false
2023-01-06T11:59:08.929645+0100|INFO|Mission progress: 0/1
2023-01-06T11:59:11.988349+0100|INFO|Obstacle identified, line of sight cannot be confirmed.
2023-01-06T11:59:12.262258+0100|INFO|Obstacle identified, line of sight cannot be confirmed.
2023-01-06T11:59:12.446730+0100|INFO|Obstacle identified, line of sight cannot be confirmed.
2023-01-06T11:59:12.675501+0100|INFO|Mission progress: 0/1
2023-01-06T11:59:12.748629+0100|INFO|Obstacle identified, line of sight cannot be confirmed.
2023-01-06T11:59:12.934242+0100|DEBUG|mast_recognition, is returning was false
2023-01-06T11:59:13.219282+0100|INFO|Obstacle identified, line of sight cannot be confirmed.
2023-01-06T11:59:13.695427+0100|INFO|Obstacle identified, line of sight cannot be confirmed.
2023-01-06T11:59:14.456312+0100|INFO|Obstacle identified, line of sight cannot be confirmed.
2023-01-06T11:59:14.741296+0100|INFO|Obstacle identified, line of sight cannot be confirmed.
2023-01-06T11:59:15.531086+0100|INFO|Obstacle identified, line of sight cannot be confirmed.
2023-01-06T11:59:16.486010+0100|INFO|Mission progress: 0/1
2023-01-06T11:59:16.491713+0100|INFO|Obstacle identified, line of sight cannot be confirmed.
2023-01-06T11:59:17.196671+0100|INFO|Obstacle identified, line of sight cannot be confirmed.
2023-01-06T11:59:17.376407+0100|INFO|Obstacle identified, line of sight cannot be confirmed.
2023-01-06T11:59:17.937089+0100|DEBUG|mast_recognition, is returning was false
2023-01-06T11:59:18.065921+0100|INFO|Obstacle identified, line of sight cannot be confirmed.
2023-01-06T11:59:18.350276+0100|INFO|Obstacle identified, line of sight cannot be confirmed.
2023-01-06T11:59:18.635614+0100|INFO|Obstacle identified, line of sight cannot be confirmed.
2023-01-06T11:59:18.940107+0100|INFO|Obstacle identified, line of sight cannot be confirmed.
2023-01-06T11:59:19.732224+0100|INFO|Obstacle identified, line of sight cannot be confirmed.
2023-01-06T11:59:20.209828+0100|INFO|Obstacle identified, line of sight cannot be confirmed.
2023-01-06T11:59:20.690513+0100|INFO|Obstacle identified, line of sight cannot be confirmed.
2023-01-06T11:59:21.038796+0100|INFO|Mission progress: 0/1
2023-01-06T11:59:21.771289+0100|INFO|Obstacle identified, line of sight cannot be confirmed.
2023-01-06T11:59:22.234898+0100|INFO|Obstacle identified, line of sight cannot be confirmed.
2023-01-06T11:59:22.607068+0100|INFO|Obstacle identified, line of sight cannot be confirmed.
2023-01-06T11:59:22.939916+0100|DEBUG|mast_recognition, is returning was false
2023-01-06T11:59:23.314648+0100|INFO|Obstacle identified, line of sight cannot be confirmed.
2023-01-06T11:59:23.601685+0100|INFO|Obstacle identified, line of sight cannot be confirmed.
2023-01-06T11:59:24.107253+0100|INFO|Obstacle identified, line of sight cannot be confirmed.
2023-01-06T11:59:24.701718+0100|INFO|Obstacle identified, line of sight cannot be confirmed.
2023-01-06T11:59:25.372576+0100|INFO|Obstacle identified, line of sight cannot be confirmed.
2023-01-06T11:59:25.824967+0100|INFO|Mission progress: 0/1
2023-01-06T11:59:25.931321+0100|INFO|Obstacle identified, line of sight cannot be confirmed.
2023-01-06T11:59:26.403515+0100|INFO|Obstacle identified, line of sight cannot be confirmed.
2023-01-06T11:59:26.778212+0100|INFO|Obstacle identified, line of sight cannot be confirmed.
2023-01-06T11:59:27.649203+0100|INFO|Obstacle identified, line of sight cannot be confirmed.
2023-01-06T11:59:27.941990+0100|DEBUG|mast_recognition, is returning was false
2023-01-06T11:59:28.124980+0100|INFO|Obstacle identified, line of sight cannot be confirmed.
2023-01-06T11:59:28.429402+0100|INFO|Obstacle identified, line of sight cannot be confirmed.
2023-01-06T11:59:29.129381+0100|INFO|Obstacle identified, line of sight cannot be confirmed.
2023-01-06T11:59:29.800738+0100|INFO|Obstacle identified, line of sight cannot be confirmed.
2023-01-06T11:59:30.271140+0100|INFO|Obstacle identified, line of sight cannot be confirmed.
2023-01-06T11:59:30.858806+0100|INFO|Obstacle identified, line of sight cannot be confirmed.
2023-01-06T11:59:31.322840+0100|INFO|Mission progress: 0/1
2023-01-06T11:59:31.360744+0100|INFO|Obstacle identified, line of sight cannot be confirmed.
2023-01-06T11:59:31.763533+0100|INFO|Obstacle identified, line of sight cannot be confirmed.
2023-01-06T11:59:32.332212+0100|INFO|Obstacle identified, line of sight cannot be confirmed.
2023-01-06T11:59:32.603923+0100|INFO|Obstacle identified, line of sight cannot be confirmed.
2023-01-06T11:59:32.944353+0100|DEBUG|mast_recognition, is returning was false
2023-01-06T11:59:33.207712+0100|INFO|Obstacle identified, line of sight cannot be confirmed.
2023-01-06T11:59:34.006190+0100|INFO|Obstacle identified, line of sight cannot be confirmed.
2023-01-06T11:59:34.589939+0100|INFO|Obstacle identified, line of sight cannot be confirmed.
2023-01-06T11:59:34.996990+0100|INFO|Obstacle identified, line of sight cannot be confirmed.
2023-01-06T11:59:35.590030+0100|INFO|Obstacle identified, line of sight cannot be confirmed.
2023-01-06T11:59:36.289962+0100|INFO|Obstacle identified, line of sight cannot be confirmed.
2023-01-06T11:59:36.323608+0100|INFO|Mission progress: 0/1
2023-01-06T11:59:36.487006+0100|INFO|Obstacle identified, line of sight cannot be confirmed.
2023-01-06T11:59:37.080699+0100|INFO|Obstacle identified, line of sight cannot be confirmed.
2023-01-06T11:59:37.485260+0100|INFO|Obstacle identified, line of sight cannot be confirmed.
2023-01-06T11:59:37.773792+0100|INFO|Obstacle identified, line of sight cannot be confirmed.
2023-01-06T11:59:37.947384+0100|DEBUG|mast_recognition, is returning was false
2023-01-06T11:59:37.979643+0100|INFO|Obstacle identified, line of sight cannot be confirmed.
2023-01-06T11:59:38.683226+0100|INFO|Obstacle identified, line of sight cannot be confirmed.
2023-01-06T11:59:39.058903+0100|INFO|Obstacle identified, line of sight cannot be confirmed.
2023-01-06T11:59:39.590096+0100|INFO|Obstacle identified, line of sight cannot be confirmed.
2023-01-06T11:59:40.674123+0100|INFO|Obstacle identified, line of sight cannot be confirmed.
2023-01-06T11:59:41.021648+0100|INFO|Mission progress: 0/1
2023-01-06T11:59:41.159010+0100|INFO|Obstacle identified, line of sight cannot be confirmed.
2023-01-06T11:59:41.446000+0100|INFO|Obstacle identified, line of sight cannot be confirmed.
2023-01-06T11:59:41.624721+0100|INFO|Obstacle identified, line of sight cannot be confirmed.
2023-01-06T11:59:42.395233+0100|INFO|Obstacle identified, line of sight cannot be confirmed.
2023-01-06T11:59:42.950114+0100|DEBUG|mast_recognition, is returning was false
2023-01-06T11:59:43.189561+0100|INFO|Obstacle identified, line of sight cannot be confirmed.
2023-01-06T11:59:43.793108+0100|INFO|Obstacle identified, line of sight cannot be confirmed.
2023-01-06T11:59:44.105335+0100|INFO|Obstacle identified, line of sight cannot be confirmed.
2023-01-06T11:59:44.789347+0100|INFO|Obstacle identified, line of sight cannot be confirmed.
2023-01-06T11:59:45.379660+0100|INFO|Obstacle identified, line of sight cannot be confirmed.
2023-01-06T11:59:45.685449+0100|INFO|Obstacle identified, line of sight cannot be confirmed.
2023-01-06T11:59:46.171381+0100|INFO|Obstacle identified, line of sight cannot be confirmed.
2023-01-06T11:59:47.248408+0100|INFO|Obstacle identified, line of sight cannot be confirmed.
2023-01-06T11:59:47.679833+0100|INFO|Mission progress: 0/1
2023-01-06T11:59:47.946908+0100|INFO|Obstacle identified, line of sight cannot be confirmed.
2023-01-06T11:59:47.952556+0100|DEBUG|mast_recognition, is returning was false
2023-01-06T11:59:48.738275+0100|INFO|Obstacle identified, line of sight cannot be confirmed.
2023-01-06T11:59:49.417802+0100|INFO|Obstacle identified, line of sight cannot be confirmed.
2023-01-06T11:59:50.188412+0100|INFO|Obstacle identified, line of sight cannot be confirmed.
2023-01-06T11:59:50.557914+0100|INFO|Obstacle identified, line of sight cannot be confirmed.
2023-01-06T11:59:50.941814+0100|INFO|Obstacle identified, line of sight cannot be confirmed.
2023-01-06T11:59:51.404219+0100|INFO|Obstacle identified, line of sight cannot be confirmed.
2023-01-06T11:59:51.673501+0100|INFO|Obstacle identified, line of sight cannot be confirmed.
2023-01-06T11:59:51.955438+0100|INFO|Obstacle identified, line of sight cannot be confirmed.
2023-01-06T11:59:52.139562+0100|INFO|Obstacle identified, line of sight cannot be confirmed.
2023-01-06T11:59:52.410860+0100|INFO|Obstacle identified, line of sight cannot be confirmed.
2023-01-06T11:59:52.954849+0100|DEBUG|mast_recognition, is returning was false
2023-01-06T11:59:53.018919+0100|INFO|Obstacle identified, line of sight cannot be confirmed.
2023-01-06T11:59:53.387628+0100|INFO|Mission progress: 0/1
2023-01-06T11:59:53.489769+0100|INFO|Obstacle identified, line of sight cannot be confirmed.
2023-01-06T11:59:53.863781+0100|INFO|Obstacle identified, line of sight cannot be confirmed.
2023-01-06T11:59:54.329360+0100|INFO|Obstacle identified, line of sight cannot be confirmed.
2023-01-06T11:59:54.814201+0100|INFO|Obstacle identified, line of sight cannot be confirmed.
2023-01-06T11:59:55.392421+0100|INFO|Obstacle identified, line of sight cannot be confirmed.
2023-01-06T11:59:55.788239+0100|INFO|Obstacle identified, line of sight cannot be confirmed.
2023-01-06T11:59:56.556360+0100|INFO|Obstacle identified, line of sight cannot be confirmed.
2023-01-06T11:59:56.872930+0100|INFO|Obstacle identified, line of sight cannot be confirmed.
2023-01-06T11:59:56.918992+0100|INFO|Mission progress: 0/1
2023-01-06T11:59:57.161294+0100|INFO|Obstacle identified, line of sight cannot be confirmed.
2023-01-06T11:59:57.452425+0100|INFO|Obstacle identified, line of sight cannot be confirmed.
2023-01-06T11:59:57.957494+0100|DEBUG|mast_recognition, is returning was false
2023-01-06T11:59:58.158896+0100|INFO|Obstacle identified, line of sight cannot be confirmed.
2023-01-06T11:59:58.356486+0100|INFO|Obstacle identified, line of sight cannot be confirmed.
2023-01-06T11:59:58.950976+0100|INFO|Obstacle identified, line of sight cannot be confirmed.
2023-01-06T11:59:59.275412+0100|INFO|Obstacle identified, line of sight cannot be confirmed.
2023-01-06T11:59:59.874784+0100|INFO|Obstacle identified, line of sight cannot be confirmed.
2023-01-06T12:00:00.262304+0100|INFO|Obstacle identified, line of sight cannot be confirmed.
2023-01-06T12:00:00.647526+0100|INFO|Obstacle identified, line of sight cannot be confirmed.
2023-01-06T12:00:01.132499+0100|INFO|Obstacle identified, line of sight cannot be confirmed.
2023-01-06T12:00:01.418244+0100|INFO|Obstacle identified, line of sight cannot be confirmed.
2023-01-06T12:00:01.986283+0100|INFO|Mission progress: 0/1
2023-01-06T12:00:01.991298+0100|INFO|Obstacle identified, line of sight cannot be confirmed.
2023-01-06T12:00:02.670504+0100|INFO|Obstacle identified, line of sight cannot be confirmed.
2023-01-06T12:00:02.961003+0100|DEBUG|mast_recognition, is returning was false
2023-01-06T12:00:03.049051+0100|INFO|Obstacle identified, line of sight cannot be confirmed.
2023-01-06T12:00:03.920641+0100|INFO|Obstacle identified, line of sight cannot be confirmed.
2023-01-06T12:00:04.411474+0100|INFO|Obstacle identified, line of sight cannot be confirmed.
2023-01-06T12:00:04.511210+0100|INFO|Obstacle identified, line of sight cannot be confirmed.
2023-01-06T12:00:05.125964+0100|INFO|Obstacle identified, line of sight cannot be confirmed.
2023-01-06T12:00:05.306760+0100|INFO|Obstacle identified, line of sight cannot be confirmed.
2023-01-06T12:00:05.716723+0100|INFO|Obstacle identified, line of sight cannot be confirmed.
2023-01-06T12:00:05.806446+0100|INFO|Obstacle identified, line of sight cannot be confirmed.
2023-01-06T12:00:06.103453+0100|INFO|Obstacle identified, line of sight cannot be confirmed.
2023-01-06T12:00:06.263675+0100|INFO|Mission progress: 0/1
2023-01-06T12:00:06.406253+0100|INFO|Obstacle identified, line of sight cannot be confirmed.
2023-01-06T12:00:06.814193+0100|INFO|Obstacle identified, line of sight cannot be confirmed.
2023-01-06T12:00:07.040783+0100|INFO|Obstacle identified, line of sight cannot be confirmed.
2023-01-06T12:00:07.467484+0100|INFO|Obstacle identified, line of sight cannot be confirmed.
2023-01-06T12:00:07.963034+0100|DEBUG|mast_recognition, is returning was false
2023-01-06T12:00:08.064879+0100|INFO|Obstacle identified, line of sight cannot be confirmed.
2023-01-06T12:00:08.654076+0100|INFO|Obstacle identified, line of sight cannot be confirmed.
2023-01-06T12:00:08.952118+0100|INFO|Obstacle identified, line of sight cannot be confirmed.
2023-01-06T12:00:09.643877+0100|INFO|Obstacle identified, line of sight cannot be confirmed.
2023-01-06T12:00:10.259660+0100|INFO|Obstacle identified, line of sight cannot be confirmed.
2023-01-06T12:00:10.266731+0100|INFO|Mission progress: 0/1
2023-01-06T12:00:10.433849+0100|INFO|Obstacle identified, line of sight cannot be confirmed.
2023-01-06T12:00:11.131902+0100|INFO|Obstacle identified, line of sight cannot be confirmed.
2023-01-06T12:00:11.375993+0100|INFO|Obstacle identified, line of sight cannot be confirmed.
2023-01-06T12:00:11.885642+0100|INFO|Obstacle identified, line of sight cannot be confirmed.
2023-01-06T12:00:12.399381+0100|INFO|Obstacle identified, line of sight cannot be confirmed.
2023-01-06T12:00:12.919936+0100|INFO|Obstacle identified, line of sight cannot be confirmed.
2023-01-06T12:00:12.965599+0100|DEBUG|mast_recognition, is returning was false
2023-01-06T12:00:13.723143+0100|INFO|Obstacle identified, line of sight cannot be confirmed.
2023-01-06T12:00:14.219030+0100|INFO|Obstacle identified, line of sight cannot be confirmed.
2023-01-06T12:00:14.471685+0100|INFO|Mission progress: 0/1
2023-01-06T12:00:14.728076+0100|INFO|Obstacle identified, line of sight cannot be confirmed.
2023-01-06T12:00:15.237173+0100|INFO|Obstacle identified, line of sight cannot be confirmed.
2023-01-06T12:00:15.583099+0100|INFO|Obstacle identified, line of sight cannot be confirmed.
2023-01-06T12:00:16.179317+0100|INFO|Obstacle identified, line of sight cannot be confirmed.
2023-01-06T12:00:16.786325+0100|INFO|Obstacle identified, line of sight cannot be confirmed.
2023-01-06T12:00:17.291299+0100|INFO|Obstacle identified, line of sight cannot be confirmed.
2023-01-06T12:00:17.883418+0100|INFO|Obstacle identified, line of sight cannot be confirmed.
2023-01-06T12:00:17.968494+0100|DEBUG|mast_recognition, is returning was false
2023-01-06T12:00:18.489962+0100|INFO|Obstacle identified, line of sight cannot be confirmed.
2023-01-06T12:00:18.790171+0100|INFO|Obstacle identified, line of sight cannot be confirmed.
2023-01-06T12:00:19.079723+0100|INFO|Obstacle identified, line of sight cannot be confirmed.
2023-01-06T12:00:19.554713+0100|INFO|Obstacle identified, line of sight cannot be confirmed.
2023-01-06T12:00:20.233905+0100|INFO|Mission progress: 0/1
2023-01-06T12:00:20.432802+0100|INFO|Obstacle identified, line of sight cannot be confirmed.
2023-01-06T12:00:20.923249+0100|INFO|Obstacle identified, line of sight cannot be confirmed.
2023-01-06T12:00:21.131303+0100|INFO|Obstacle identified, line of sight cannot be confirmed.
2023-01-06T12:00:21.508470+0100|INFO|Obstacle identified, line of sight cannot be confirmed.
2023-01-06T12:00:21.796062+0100|INFO|Obstacle identified, line of sight cannot be confirmed.
2023-01-06T12:00:22.364042+0100|INFO|Obstacle identified, line of sight cannot be confirmed.
2023-01-06T12:00:22.651067+0100|INFO|Obstacle identified, line of sight cannot be confirmed.
2023-01-06T12:00:22.970894+0100|DEBUG|mast_recognition, is returning was false
2023-01-06T12:00:23.234787+0100|INFO|Obstacle identified, line of sight cannot be confirmed.
2023-01-06T12:00:23.622852+0100|INFO|Obstacle identified, line of sight cannot be confirmed.
2023-01-06T12:00:24.205077+0100|INFO|Obstacle identified, line of sight cannot be confirmed.
2023-01-06T12:00:24.692182+0100|INFO|Obstacle identified, line of sight cannot be confirmed.
2023-01-06T12:00:24.757841+0100|INFO|Mission progress: 0/1
2023-01-06T12:00:24.993026+0100|INFO|Obstacle identified, line of sight cannot be confirmed.
2023-01-06T12:00:25.766937+0100|INFO|Obstacle identified, line of sight cannot be confirmed.
2023-01-06T12:00:26.045072+0100|INFO|Obstacle identified, line of sight cannot be confirmed.
2023-01-06T12:00:26.422641+0100|INFO|Obstacle identified, line of sight cannot be confirmed.
2023-01-06T12:00:26.999694+0100|INFO|Obstacle identified, line of sight cannot be confirmed.
2023-01-06T12:00:27.578092+0100|INFO|Obstacle identified, line of sight cannot be confirmed.
2023-01-06T12:00:27.973826+0100|DEBUG|mast_recognition, is returning was false
2023-01-06T12:00:27.991844+0100|INFO|Obstacle identified, line of sight cannot be confirmed.
2023-01-06T12:00:28.376551+0100|INFO|Obstacle identified, line of sight cannot be confirmed.
2023-01-06T12:00:28.662845+0100|INFO|Obstacle identified, line of sight cannot be confirmed.
2023-01-06T12:00:29.047089+0100|INFO|Obstacle identified, line of sight cannot be confirmed.
2023-01-06T12:00:29.064138+0100|INFO|Mission progress: 0/1
2023-01-06T12:00:29.517845+0100|INFO|Obstacle identified, line of sight cannot be confirmed.
2023-01-06T12:00:29.995583+0100|INFO|Obstacle identified, line of sight cannot be confirmed.
2023-01-06T12:00:30.372661+0100|INFO|Obstacle identified, line of sight cannot be confirmed.
2023-01-06T12:00:30.670192+0100|INFO|Obstacle identified, line of sight cannot be confirmed.
2023-01-06T12:00:31.336505+0100|INFO|Obstacle identified, line of sight cannot be confirmed.
2023-01-06T12:00:31.513826+0100|INFO|Obstacle identified, line of sight cannot be confirmed.
2023-01-06T12:00:31.596871+0100|INFO|Obstacle identified, line of sight cannot be confirmed.
2023-01-06T12:00:31.982846+0100|INFO|Obstacle identified, line of sight cannot be confirmed.
2023-01-06T12:00:32.150552+0100|INFO|Obstacle identified, line of sight cannot be confirmed.
2023-01-06T12:00:32.975716+0100|DEBUG|mast_recognition, is returning was false
2023-01-06T12:00:33.019870+0100|INFO|Obstacle identified, line of sight cannot be confirmed.
2023-01-06T12:00:33.102910+0100|INFO|Obstacle identified, line of sight cannot be confirmed.
2023-01-06T12:00:33.370717+0100|INFO|Obstacle identified, line of sight cannot be confirmed.
2023-01-06T12:00:33.935358+0100|INFO|Mission progress: 0/1
2023-01-06T12:00:33.940460+0100|INFO|Obstacle identified, line of sight cannot be confirmed.
2023-01-06T12:00:34.416250+0100|INFO|Obstacle identified, line of sight cannot be confirmed.
2023-01-06T12:00:34.892155+0100|INFO|Obstacle identified, line of sight cannot be confirmed.
2023-01-06T12:00:35.380359+0100|INFO|Obstacle identified, line of sight cannot be confirmed.
2023-01-06T12:00:36.362876+0100|INFO|Obstacle identified, line of sight cannot be confirmed.
2023-01-06T12:00:36.711968+0100|INFO|Obstacle identified, line of sight cannot be confirmed.
2023-01-06T12:00:37.094954+0100|INFO|Obstacle identified, line of sight cannot be confirmed.
2023-01-06T12:00:37.121825+0100|INFO|Mission progress: 0/1
2023-01-06T12:00:37.586023+0100|INFO|Obstacle identified, line of sight cannot be confirmed.
2023-01-06T12:00:37.977011+0100|INFO|Obstacle identified, line of sight cannot be confirmed.
2023-01-06T12:00:37.977586+0100|DEBUG|mast_recognition, is returning was false
2023-01-06T12:00:38.202180+0100|INFO|Obstacle identified, line of sight cannot be confirmed.
2023-01-06T12:00:38.403022+0100|INFO|Obstacle identified, line of sight cannot be confirmed.
2023-01-06T12:00:38.807142+0100|INFO|Obstacle identified, line of sight cannot be confirmed.
2023-01-06T12:00:39.111767+0100|INFO|Obstacle identified, line of sight cannot be confirmed.
2023-01-06T12:00:39.702431+0100|INFO|Obstacle identified, line of sight cannot be confirmed.
2023-01-06T12:00:39.925176+0100|INFO|Obstacle identified, line of sight cannot be confirmed.
2023-01-06T12:00:40.080698+0100|INFO|Obstacle identified, line of sight cannot be confirmed.
2023-01-06T12:00:40.570451+0100|INFO|Obstacle identified, line of sight cannot be confirmed.
2023-01-06T12:00:41.070724+0100|INFO|Obstacle identified, line of sight cannot be confirmed.
2023-01-06T12:00:41.471008+0100|INFO|Obstacle identified, line of sight cannot be confirmed.
2023-01-06T12:00:41.478528+0100|INFO|Mission progress: 0/1
2023-01-06T12:00:41.721009+0100|INFO|Obstacle identified, line of sight cannot be confirmed.
2023-01-06T12:00:41.947211+0100|INFO|Obstacle identified, line of sight cannot be confirmed.
2023-01-06T12:00:42.359545+0100|INFO|Obstacle identified, line of sight cannot be confirmed.
2023-01-06T12:00:42.979247+0100|DEBUG|mast_recognition, is returning was false
2023-01-06T12:00:43.274635+0100|INFO|Obstacle identified, line of sight cannot be confirmed.
2023-01-06T12:00:43.440487+0100|INFO|Obstacle identified, line of sight cannot be confirmed.
2023-01-06T12:00:43.760895+0100|INFO|Obstacle identified, line of sight cannot be confirmed.
2023-01-06T12:00:44.207854+0100|INFO|Obstacle identified, line of sight cannot be confirmed.
2023-01-06T12:00:44.500107+0100|INFO|Obstacle identified, line of sight cannot be confirmed.
