2023-01-06T11:50:25.117998+0100|INFO|Waiting for drone to connect...
2023-01-06T11:50:25.128283+0100|INFO|Connected to drone!
2023-01-06T11:50:25.128973+0100|INFO|Waiting for drone to have a global position estimate...
2023-01-06T11:50:33.832230+0100|INFO|Global position estimate OK
2023-01-06T11:50:33.886682+0100|INFO|Arming
2023-01-06T11:50:33.993045+0100|INFO|Uploading mission 0
2023-01-06T11:50:34.004263+0100|DEBUG|Mast recognition called
2023-01-06T11:50:34.006969+0100|DEBUG|Has Found Mast: False
2023-01-06T11:50:34.008450+0100|DEBUG|Taking image
2023-01-06T11:50:34.009493+0100|DEBUG|Took image
2023-01-06T11:50:34.054030+0100|DEBUG|image_contains_mast called
2023-01-06T11:50:35.053237+0100|DEBUG|image_contains_mast returned False, confidence: 
2023-01-06T11:50:35.054667+0100|DEBUG|Did mast check
2023-01-06T11:50:35.056761+0100|INFO|Mission progress: 0/1
2023-01-06T11:50:36.057612+0100|INFO|Starting mission
2023-01-06T11:50:36.145870+0100|INFO|Now checking mast F2542G at 10.554784917159, 55.3743128282325
2023-01-06T11:50:37.060612+0100|INFO|Mission progress: 0/1
2023-01-06T11:50:40.057235+0100|DEBUG|Taking image
2023-01-06T11:50:40.057895+0100|DEBUG|Took image
2023-01-06T11:50:40.069936+0100|DEBUG|image_contains_mast called
2023-01-06T11:50:40.428101+0100|DEBUG|image_contains_mast returned False, confidence: 
2023-01-06T11:50:40.429267+0100|DEBUG|Did mast check
2023-01-06T11:50:40.430948+0100|INFO|Mission progress: 0/1
2023-01-06T11:50:43.581451+0100|INFO|Mission progress: 0/1
2023-01-06T11:50:45.431541+0100|DEBUG|Taking image
2023-01-06T11:50:45.432242+0100|DEBUG|Took image
2023-01-06T11:50:45.440872+0100|DEBUG|image_contains_mast called
2023-01-06T11:50:45.780353+0100|DEBUG|image_contains_mast returned False, confidence: 
2023-01-06T11:50:45.780855+0100|DEBUG|Did mast check
2023-01-06T11:50:47.215385+0100|INFO|Mission progress: 0/1
2023-01-06T11:50:50.600247+0100|INFO|Mission progress: 0/1
2023-01-06T11:50:50.783882+0100|DEBUG|Taking image
2023-01-06T11:50:50.784450+0100|DEBUG|Took image
2023-01-06T11:50:50.793330+0100|DEBUG|image_contains_mast called
2023-01-06T11:50:51.115064+0100|DEBUG|image_contains_mast returned False, confidence: 
2023-01-06T11:50:51.118441+0100|DEBUG|Did mast check
2023-01-06T11:50:53.635660+0100|INFO|Mission progress: 0/1
2023-01-06T11:50:56.120430+0100|DEBUG|Taking image
2023-01-06T11:50:56.121304+0100|DEBUG|Took image
2023-01-06T11:50:56.135432+0100|DEBUG|image_contains_mast called
2023-01-06T11:50:56.659394+0100|DEBUG|image_contains_mast returned False, confidence: 
2023-01-06T11:50:56.660978+0100|DEBUG|Did mast check
2023-01-06T11:50:57.640060+0100|INFO|Mission progress: 0/1
2023-01-06T11:51:01.665486+0100|DEBUG|Taking image
2023-01-06T11:51:01.667315+0100|DEBUG|Took image
2023-01-06T11:51:01.680189+0100|DEBUG|image_contains_mast called
2023-01-06T11:51:02.057158+0100|DEBUG|image_contains_mast returned False, confidence: 
2023-01-06T11:51:02.058253+0100|DEBUG|Did mast check
2023-01-06T11:51:02.427369+0100|INFO|Mission progress: 0/1
2023-01-06T11:51:07.059826+0100|DEBUG|Taking image
2023-01-06T11:51:07.060366+0100|DEBUG|Took image
2023-01-06T11:51:07.070028+0100|DEBUG|image_contains_mast called
2023-01-06T11:51:07.472961+0100|DEBUG|image_contains_mast returned False, confidence: 
2023-01-06T11:51:07.475260+0100|DEBUG|Did mast check
2023-01-06T11:51:07.890144+0100|INFO|Mission progress: 0/1
2023-01-06T11:51:12.409695+0100|INFO|Mission progress: 0/1
2023-01-06T11:51:12.479990+0100|DEBUG|Taking image
2023-01-06T11:51:12.480500+0100|DEBUG|Took image
2023-01-06T11:51:12.495681+0100|DEBUG|image_contains_mast called
2023-01-06T11:51:12.846610+0100|DEBUG|image_contains_mast returned False, confidence: 
2023-01-06T11:51:12.847186+0100|DEBUG|Did mast check
2023-01-06T11:51:16.014493+0100|INFO|Mission progress: 0/1
2023-01-06T11:51:17.849402+0100|DEBUG|Taking image
2023-01-06T11:51:17.850079+0100|DEBUG|Took image
2023-01-06T11:51:17.858442+0100|DEBUG|image_contains_mast called
2023-01-06T11:51:18.218372+0100|DEBUG|image_contains_mast returned False, confidence: 
2023-01-06T11:51:18.219026+0100|DEBUG|Did mast check
2023-01-06T11:51:19.827866+0100|INFO|Mission progress: 0/1
2023-01-06T11:51:23.222677+0100|DEBUG|Taking image
2023-01-06T11:51:23.223295+0100|DEBUG|Took image
2023-01-06T11:51:23.230731+0100|DEBUG|image_contains_mast called
2023-01-06T11:51:23.588961+0100|DEBUG|image_contains_mast returned False, confidence: 
2023-01-06T11:51:23.590454+0100|DEBUG|Did mast check
2023-01-06T11:51:25.158822+0100|INFO|Mission progress: 0/1
2023-01-06T11:51:28.592249+0100|DEBUG|Taking image
2023-01-06T11:51:28.592922+0100|DEBUG|Took image
2023-01-06T11:51:28.603253+0100|DEBUG|image_contains_mast called
2023-01-06T11:51:29.002195+0100|DEBUG|image_contains_mast returned False, confidence: 
2023-01-06T11:51:29.003505+0100|DEBUG|Did mast check
2023-01-06T11:51:29.004688+0100|INFO|Mission progress: 0/1
2023-01-06T11:51:32.371526+0100|INFO|Mission progress: 0/1
2023-01-06T11:51:34.005007+0100|DEBUG|Taking image
2023-01-06T11:51:34.006023+0100|DEBUG|Took image
2023-01-06T11:51:34.015431+0100|DEBUG|image_contains_mast called
2023-01-06T11:51:34.417584+0100|DEBUG|image_contains_mast returned False, confidence: 
2023-01-06T11:51:34.419162+0100|DEBUG|Did mast check
2023-01-06T11:51:35.990699+0100|INFO|Mission progress: 0/1
2023-01-06T11:51:39.420747+0100|DEBUG|Taking image
2023-01-06T11:51:39.422465+0100|DEBUG|Took image
2023-01-06T11:51:39.431454+0100|DEBUG|image_contains_mast called
2023-01-06T11:51:39.843947+0100|DEBUG|image_contains_mast returned False, confidence: 
2023-01-06T11:51:39.845107+0100|DEBUG|Did mast check
2023-01-06T11:51:40.535587+0100|INFO|Mission progress: 0/1
2023-01-06T11:51:43.787654+0100|INFO|Mission progress: 0/1
2023-01-06T11:51:44.847920+0100|DEBUG|Taking image
2023-01-06T11:51:44.848523+0100|DEBUG|Took image
2023-01-06T11:51:44.858904+0100|DEBUG|image_contains_mast called
2023-01-06T11:51:45.249907+0100|DEBUG|image_contains_mast returned False, confidence: 
2023-01-06T11:51:45.251216+0100|DEBUG|Did mast check
2023-01-06T11:51:47.017421+0100|INFO|Mission progress: 0/1
2023-01-06T11:51:50.237518+0100|INFO|Mission progress: 0/1
2023-01-06T11:51:50.254413+0100|DEBUG|Taking image
2023-01-06T11:51:50.255088+0100|DEBUG|Took image
2023-01-06T11:51:50.268173+0100|DEBUG|image_contains_mast called
2023-01-06T11:51:50.623663+0100|DEBUG|image_contains_mast returned False, confidence: 
2023-01-06T11:51:50.625040+0100|DEBUG|Did mast check
2023-01-06T11:51:55.264680+0100|INFO|Mission progress: 0/1
2023-01-06T11:51:55.626949+0100|DEBUG|Taking image
2023-01-06T11:51:55.627680+0100|DEBUG|Took image
2023-01-06T11:51:55.643052+0100|DEBUG|image_contains_mast called
2023-01-06T11:51:55.997539+0100|DEBUG|image_contains_mast returned False, confidence: 
2023-01-06T11:51:55.998971+0100|DEBUG|Did mast check
2023-01-06T11:51:58.039449+0100|INFO|Mission progress: 0/1
2023-01-06T11:52:01.000845+0100|DEBUG|Taking image
2023-01-06T11:52:01.001432+0100|DEBUG|Took image
2023-01-06T11:52:01.008611+0100|DEBUG|image_contains_mast called
2023-01-06T11:52:01.371648+0100|DEBUG|image_contains_mast returned False, confidence: 
2023-01-06T11:52:01.372309+0100|DEBUG|Did mast check
2023-01-06T11:52:02.197304+0100|INFO|Mission progress: 0/1
2023-01-06T11:52:06.223718+0100|INFO|Mission progress: 0/1
2023-01-06T11:52:06.376122+0100|DEBUG|Taking image
2023-01-06T11:52:06.376887+0100|DEBUG|Took image
2023-01-06T11:52:06.385176+0100|DEBUG|image_contains_mast called
2023-01-06T11:52:06.794302+0100|DEBUG|image_contains_mast returned False, confidence: 
2023-01-06T11:52:06.795327+0100|DEBUG|Did mast check
2023-01-06T11:52:10.374432+0100|INFO|Mission progress: 0/1
2023-01-06T11:52:11.797226+0100|DEBUG|Taking image
2023-01-06T11:52:11.797881+0100|DEBUG|Took image
2023-01-06T11:52:11.805563+0100|DEBUG|image_contains_mast called
2023-01-06T11:52:12.153399+0100|DEBUG|image_contains_mast returned False, confidence: 
2023-01-06T11:52:12.156853+0100|DEBUG|Did mast check
2023-01-06T11:52:14.183727+0100|INFO|Mission progress: 0/1
2023-01-06T11:52:17.159350+0100|DEBUG|Taking image
2023-01-06T11:52:17.160388+0100|DEBUG|Took image
2023-01-06T11:52:17.168137+0100|DEBUG|image_contains_mast called
2023-01-06T11:52:17.675556+0100|DEBUG|image_contains_mast returned False, confidence: 
2023-01-06T11:52:17.676243+0100|DEBUG|Did mast check
2023-01-06T11:52:18.818561+0100|INFO|Mission progress: 0/1
2023-01-06T11:52:22.672898+0100|INFO|Mission progress: 0/1
2023-01-06T11:52:22.680471+0100|DEBUG|Taking image
2023-01-06T11:52:22.682816+0100|DEBUG|Took image
2023-01-06T11:52:22.691613+0100|DEBUG|image_contains_mast called
2023-01-06T11:52:23.113835+0100|DEBUG|image_contains_mast returned False, confidence: 
2023-01-06T11:52:23.114404+0100|DEBUG|Did mast check
2023-01-06T11:52:27.805966+0100|INFO|Mission progress: 0/1
2023-01-06T11:52:28.116034+0100|DEBUG|Taking image
2023-01-06T11:52:28.116868+0100|DEBUG|Took image
2023-01-06T11:52:28.128765+0100|DEBUG|image_contains_mast called
2023-01-06T11:52:28.496990+0100|DEBUG|image_contains_mast returned False, confidence: 
2023-01-06T11:52:28.497838+0100|DEBUG|Did mast check
2023-01-06T11:52:32.674866+0100|INFO|Mission progress: 0/1
2023-01-06T11:52:33.499641+0100|DEBUG|Taking image
2023-01-06T11:52:33.500262+0100|DEBUG|Took image
2023-01-06T11:52:33.513557+0100|DEBUG|image_contains_mast called
2023-01-06T11:52:34.024065+0100|DEBUG|image_contains_mast returned False, confidence: 
2023-01-06T11:52:34.025193+0100|DEBUG|Did mast check
2023-01-06T11:52:37.586315+0100|INFO|Mission progress: 0/1
2023-01-06T11:52:39.026787+0100|DEBUG|Taking image
2023-01-06T11:52:39.027396+0100|DEBUG|Took image
2023-01-06T11:52:39.038344+0100|DEBUG|image_contains_mast called
2023-01-06T11:52:39.425303+0100|DEBUG|image_contains_mast returned False, confidence: 
2023-01-06T11:52:39.426043+0100|DEBUG|Did mast check
2023-01-06T11:52:42.678973+0100|INFO|Mission progress: 0/1
2023-01-06T11:52:44.427943+0100|DEBUG|Taking image
2023-01-06T11:52:44.429923+0100|DEBUG|Took image
2023-01-06T11:52:44.444330+0100|DEBUG|image_contains_mast called
2023-01-06T11:52:44.944792+0100|DEBUG|image_contains_mast returned False, confidence: 
2023-01-06T11:52:44.946025+0100|DEBUG|Did mast check
2023-01-06T11:52:46.785138+0100|INFO|Mission progress: 0/1
2023-01-06T11:52:49.948820+0100|DEBUG|Taking image
2023-01-06T11:52:49.949393+0100|DEBUG|Took image
2023-01-06T11:52:49.956584+0100|DEBUG|image_contains_mast called
2023-01-06T11:52:50.332842+0100|DEBUG|image_contains_mast returned False, confidence: 
2023-01-06T11:52:50.333448+0100|DEBUG|Did mast check
2023-01-06T11:52:50.336411+0100|INFO|Mission progress: 0/1
2023-01-06T11:52:53.793317+0100|INFO|Mission progress: 0/1
2023-01-06T11:52:55.337267+0100|DEBUG|Taking image
2023-01-06T11:52:55.338385+0100|DEBUG|Took image
2023-01-06T11:52:55.348014+0100|DEBUG|image_contains_mast called
2023-01-06T11:52:55.712876+0100|DEBUG|image_contains_mast returned False, confidence: 
2023-01-06T11:52:55.713595+0100|DEBUG|Did mast check
2023-01-06T11:52:59.290801+0100|INFO|Mission progress: 0/1
2023-01-06T11:53:00.716591+0100|DEBUG|Taking image
2023-01-06T11:53:00.717187+0100|DEBUG|Took image
2023-01-06T11:53:00.725701+0100|DEBUG|image_contains_mast called
2023-01-06T11:53:01.152684+0100|DEBUG|image_contains_mast returned False, confidence: 
2023-01-06T11:53:01.153970+0100|DEBUG|Did mast check
2023-01-06T11:53:03.935698+0100|INFO|Mission progress: 0/1
2023-01-06T11:53:06.159919+0100|DEBUG|Taking image
2023-01-06T11:53:06.160753+0100|DEBUG|Took image
2023-01-06T11:53:06.170219+0100|DEBUG|image_contains_mast called
2023-01-06T11:53:06.658501+0100|DEBUG|image_contains_mast returned False, confidence: 
2023-01-06T11:53:06.659255+0100|DEBUG|Did mast check
2023-01-06T11:53:06.661676+0100|INFO|Mission progress: 0/1
2023-01-06T11:53:11.030663+0100|INFO|Mission progress: 0/1
2023-01-06T11:53:11.661544+0100|DEBUG|Taking image
2023-01-06T11:53:11.662155+0100|DEBUG|Took image
2023-01-06T11:53:11.672355+0100|DEBUG|image_contains_mast called
2023-01-06T11:53:12.066888+0100|DEBUG|image_contains_mast returned False, confidence: 
2023-01-06T11:53:12.068789+0100|DEBUG|Did mast check
2023-01-06T11:53:15.644423+0100|INFO|Mission progress: 0/1
2023-01-06T11:53:17.070781+0100|DEBUG|Taking image
2023-01-06T11:53:17.071424+0100|DEBUG|Took image
2023-01-06T11:53:17.082728+0100|DEBUG|image_contains_mast called
2023-01-06T11:53:17.630155+0100|DEBUG|image_contains_mast returned False, confidence: 
2023-01-06T11:53:17.631573+0100|DEBUG|Did mast check
2023-01-06T11:53:20.018188+0100|INFO|Mission progress: 0/1
